Benchmarking gridworld 3
Mode 1
Creating gridworld 3
N: 9
M: 9
n: 34
sequences: 275
maxIt: 25000
tol: 0.000001
Learning spatial MDP
P = 
0.111111 0.111111 0.111111 0.111111 0.111111 0.111111 0.111111 0.111111 0.111111 
0.111111 0.111111 0.111111 0.111111 0.111111 0.111111 0.111111 0.111111 0.111111 
0.111111 0.111111 0.111111 0.111111 0.111111 0.111111 0.111111 0.111111 0.111111 
0.111111 0.111111 0.111111 0.111111 0.111111 0.111111 0.111111 0.111111 0.111111 
0.111111 0.111111 0.111111 0.111111 0.111111 0.111111 0.111111 0.111111 0.111111 
0.111111 0.111111 0.111111 0.111111 0.111111 0.111111 0.111111 0.111111 0.111111 
0.111111 0.111111 0.111111 0.111111 0.111111 0.111111 0.111111 0.111111 0.111111 
0.111111 0.111111 0.111111 0.111111 0.111111 0.111111 0.111111 0.111111 0.111111 
0.111111 0.111111 0.111111 0.111111 0.111111 0.111111 0.111111 0.111111 0.111111 
E = 
1.000000 0.000000 0.000000 0.000000 0.000000 0.000000 0.000000 0.000000 0.000000 
0.000000 1.000000 0.000000 0.000000 0.000000 0.000000 0.000000 0.000000 0.000000 
0.000000 0.000000 1.000000 0.000000 0.000000 0.000000 0.000000 0.000000 0.000000 
0.000000 0.000000 0.000000 1.000000 0.000000 0.000000 0.000000 0.000000 0.000000 
0.000000 0.000000 0.000000 0.000000 1.000000 0.000000 0.000000 0.000000 0.000000 
0.000000 0.000000 0.000000 0.000000 0.000000 1.000000 0.000000 0.000000 0.000000 
0.000000 0.000000 0.000000 0.000000 0.000000 0.000000 1.000000 0.000000 0.000000 
0.000000 0.000000 0.000000 0.000000 0.000000 0.000000 0.000000 1.000000 0.000000 
0.000000 0.000000 0.000000 0.000000 0.000000 0.000000 0.000000 0.000000 1.000000 
Running Baum-Welch algorithm
Win rate: 1.000000
y_m:
0, 3, 6, 7, 6, 6, 6, 6, 7, 7, 4, 1, 0, 0, 0, 3, 4, 5, 5, 4, 3, 4, 3, 3, 6, 3, 4, 1, 4, 1, 1, 0, 3, 3, 3, 
0, 1, 2, 2, 5, 4, 5, 5, 4, 7, 4, 3, 6, 6, 6, 6, 6, 6, 7, 4, 5, 5, 8, 7, 4, 5, 2, 1, 1, 4, 5, 5, 4, 5, 2, 
0, 0, 0, 0, 0, 0, 3, 4, 5, 2, 2, 1, 1, 2, 1, 4, 7, 8, 8, 5, 5, 2, 5, 4, 5, 5, 5, 4, 5, 5, 2, 5, 8, 8, 8, 
0, 1, 0, 3, 4, 5, 5, 4, 1, 0, 1, 1, 2, 2, 5, 4, 3, 3, 6, 6, 6, 6, 6, 6, 6, 6, 6, 6, 6, 7, 7, 7, 6, 6, 3, 
0, 1, 2, 5, 4, 7, 8, 5, 8, 8, 5, 4, 7, 8, 8, 7, 8, 7, 4, 7, 6, 6, 3, 4, 5, 8, 5, 4, 1, 1, 4, 7, 6, 6, 6, 
0, 0, 0, 0, 0, 0, 1, 2, 2, 5, 5, 5, 8, 5, 5, 8, 8, 7, 8, 7, 8, 5, 8, 5, 8, 5, 4, 7, 4, 3, 4, 1, 2, 2, 2, 
0, 0, 1, 2, 1, 0, 3, 3, 6, 6, 6, 6, 6, 6, 6, 3, 0, 3, 0, 0, 0, 1, 2, 2, 2, 2, 2, 2, 2, 2, 2, 2, 2, 2, 5, 
0, 0, 0, 0, 1, 0, 0, 1, 0, 1, 2, 5, 2, 5, 8, 7, 8, 8, 5, 5, 4, 7, 8, 8, 8, 8, 8, 8, 7, 6, 7, 8, 7, 7, 7, 
0, 1, 2, 5, 2, 2, 5, 5, 2, 1, 0, 1, 2, 2, 1, 2, 1, 2, 2, 2, 5, 8, 7, 4, 7, 8, 5, 8, 8, 8, 7, 7, 7, 6, 6, 
0, 0, 3, 3, 4, 5, 2, 2, 1, 0, 1, 4, 1, 1, 2, 1, 4, 7, 6, 7, 8, 8, 5, 2, 2, 1, 4, 1, 1, 4, 5, 4, 3, 0, 1, 
0, 0, 3, 3, 0, 0, 1, 4, 3, 6, 6, 7, 8, 8, 8, 5, 2, 2, 5, 2, 2, 2, 2, 5, 5, 5, 4, 5, 8, 5, 4, 5, 4, 5, 2, 
0, 0, 0, 3, 3, 4, 3, 0, 3, 4, 7, 6, 3, 0, 0, 3, 3, 0, 3, 0, 1, 0, 3, 3, 6, 6, 6, 3, 6, 6, 7, 7, 4, 7, 8, 
0, 0, 0, 1, 2, 1, 0, 0, 1, 2, 2, 5, 2, 2, 2, 2, 1, 0, 0, 3, 6, 3, 4, 7, 6, 6, 6, 7, 8, 8, 7, 8, 8, 8, 8, 
0, 1, 2, 2, 5, 2, 1, 4, 1, 1, 4, 3, 0, 1, 0, 3, 0, 1, 4, 5, 8, 8, 8, 8, 7, 8, 5, 4, 5, 4, 5, 8, 7, 6, 6, 
0, 3, 6, 6, 6, 3, 3, 4, 3, 6, 6, 3, 3, 4, 1, 4, 1, 0, 1, 1, 4, 3, 6, 6, 6, 6, 6, 6, 6, 6, 3, 0, 1, 1, 0, 
0, 3, 4, 1, 1, 2, 2, 2, 2, 1, 0, 0, 0, 1, 4, 1, 4, 1, 0, 3, 0, 0, 1, 2, 5, 2, 2, 2, 5, 8, 5, 8, 8, 8, 5, 
0, 1, 2, 2, 5, 5, 8, 8, 5, 4, 1, 4, 1, 1, 2, 1, 0, 0, 1, 1, 0, 0, 0, 1, 4, 3, 0, 0, 3, 3, 4, 5, 2, 2, 2, 
0, 0, 1, 4, 3, 4, 1, 0, 0, 3, 0, 1, 2, 1, 4, 1, 2, 1, 4, 5, 2, 2, 2, 5, 8, 8, 8, 8, 8, 8, 8, 8, 8, 8, 8, 
0, 3, 4, 5, 8, 8, 5, 8, 8, 5, 2, 2, 1, 4, 5, 4, 1, 4, 3, 6, 7, 8, 8, 8, 5, 4, 3, 4, 5, 4, 3, 0, 1, 1, 0, 
0, 0, 1, 0, 3, 3, 0, 3, 4, 7, 4, 5, 5, 8, 8, 7, 6, 3, 4, 1, 0, 0, 3, 4, 3, 6, 6, 6, 6, 7, 7, 4, 5, 8, 5, 
0, 1, 1, 2, 2, 2, 5, 4, 1, 4, 5, 5, 8, 7, 7, 4, 3, 0, 0, 0, 3, 0, 0, 0, 1, 4, 5, 5, 8, 7, 6, 6, 3, 4, 7, 
0, 1, 2, 1, 4, 3, 0, 3, 4, 5, 5, 2, 2, 5, 5, 8, 8, 5, 2, 1, 1, 2, 2, 2, 5, 8, 5, 4, 1, 4, 1, 0, 0, 1, 2, 
0, 1, 0, 1, 1, 4, 3, 4, 5, 8, 7, 6, 7, 8, 5, 8, 7, 7, 7, 6, 6, 3, 6, 6, 7, 4, 7, 6, 6, 7, 8, 8, 5, 8, 5, 
0, 1, 0, 3, 4, 5, 2, 2, 2, 2, 1, 0, 0, 0, 1, 4, 1, 2, 2, 2, 2, 2, 5, 5, 5, 2, 2, 5, 4, 1, 0, 3, 4, 3, 0, 
0, 3, 6, 6, 3, 3, 3, 4, 5, 8, 8, 8, 5, 8, 7, 8, 5, 4, 1, 4, 7, 4, 5, 2, 2, 1, 4, 5, 8, 5, 5, 2, 2, 5, 4, 
0, 0, 0, 0, 0, 0, 0, 0, 1, 2, 2, 1, 1, 4, 5, 8, 8, 7, 4, 1, 0, 0, 1, 0, 1, 4, 3, 6, 3, 6, 6, 6, 6, 7, 7, 
0, 3, 0, 1, 0, 0, 0, 0, 0, 1, 0, 3, 0, 0, 1, 1, 0, 0, 1, 0, 0, 0, 0, 1, 4, 5, 5, 8, 5, 4, 5, 2, 1, 4, 1, 
0, 0, 0, 0, 0, 0, 0, 3, 3, 3, 6, 6, 6, 3, 6, 6, 3, 3, 4, 1, 4, 3, 0, 3, 4, 1, 4, 7, 4, 5, 8, 8, 7, 4, 1, 
0, 1, 1, 0, 0, 0, 0, 0, 1, 4, 7, 7, 8, 7, 8, 7, 7, 4, 7, 7, 6, 7, 8, 8, 5, 2, 1, 2, 2, 2, 2, 1, 4, 1, 2, 
0, 3, 3, 4, 7, 7, 4, 1, 4, 5, 8, 5, 2, 2, 2, 1, 1, 1, 4, 1, 2, 1, 2, 1, 0, 1, 0, 1, 0, 1, 2, 5, 5, 8, 5, 
0, 0, 3, 4, 7, 4, 5, 2, 2, 1, 2, 2, 2, 2, 1, 2, 2, 1, 2, 5, 4, 3, 6, 6, 3, 3, 3, 3, 6, 6, 6, 6, 6, 6, 7, 
0, 0, 1, 0, 0, 0, 1, 0, 0, 3, 3, 6, 7, 8, 7, 8, 8, 8, 8, 5, 5, 5, 5, 2, 1, 2, 2, 2, 2, 2, 2, 2, 1, 0, 3, 
0, 0, 1, 2, 5, 2, 2, 2, 2, 1, 4, 1, 2, 1, 4, 3, 4, 1, 4, 5, 4, 5, 4, 7, 8, 8, 7, 6, 6, 7, 4, 1, 4, 7, 8, 
0, 0, 0, 0, 3, 0, 0, 1, 4, 5, 8, 8, 8, 8, 7, 4, 1, 2, 2, 2, 5, 8, 8, 8, 8, 8, 7, 6, 6, 6, 6, 3, 0, 1, 1, 
0, 3, 0, 0, 0, 0, 3, 3, 0, 1, 2, 2, 5, 4, 3, 4, 1, 0, 0, 0, 0, 0, 3, 6, 6, 6, 6, 7, 7, 6, 3, 6, 6, 6, 6, 
0, 0, 1, 2, 2, 1, 4, 5, 5, 5, 5, 4, 3, 4, 3, 4, 1, 1, 0, 0, 0, 0, 0, 1, 0, 0, 1, 0, 3, 6, 6, 6, 3, 6, 7, 
0, 1, 4, 5, 4, 1, 4, 7, 4, 3, 6, 6, 6, 6, 7, 8, 8, 5, 4, 7, 4, 1, 1, 1, 0, 0, 0, 1, 2, 2, 2, 1, 4, 7, 8, 
0, 3, 6, 7, 8, 8, 5, 8, 5, 8, 8, 7, 7, 6, 7, 7, 6, 7, 4, 5, 2, 5, 2, 2, 2, 1, 2, 5, 8, 8, 8, 7, 8, 5, 2, 
0, 0, 1, 1, 4, 1, 4, 7, 7, 7, 4, 1, 2, 5, 8, 7, 8, 5, 4, 3, 0, 1, 2, 1, 1, 2, 5, 4, 3, 0, 0, 0, 3, 4, 1, 
0, 3, 4, 7, 8, 7, 7, 8, 8, 5, 4, 5, 5, 5, 8, 5, 5, 8, 5, 4, 7, 6, 3, 6, 6, 6, 3, 3, 3, 3, 3, 6, 3, 0, 1, 
0, 0, 0, 0, 3, 3, 0, 3, 6, 3, 3, 0, 3, 4, 7, 6, 6, 3, 3, 6, 6, 6, 3, 6, 6, 7, 7, 8, 5, 4, 3, 4, 5, 2, 1, 
0, 0, 0, 0, 0, 0, 3, 6, 6, 7, 4, 3, 3, 0, 0, 0, 0, 3, 3, 3, 0, 1, 4, 5, 2, 2, 5, 8, 5, 2, 1, 2, 2, 2, 2, 
0, 1, 1, 2, 5, 2, 2, 2, 5, 4, 1, 0, 1, 4, 3, 0, 3, 3, 6, 6, 3, 6, 6, 3, 4, 7, 4, 1, 4, 7, 4, 1, 2, 2, 2, 
0, 0, 0, 1, 1, 1, 0, 1, 1, 4, 5, 8, 8, 5, 5, 2, 5, 4, 7, 6, 6, 3, 6, 3, 3, 6, 7, 4, 7, 8, 8, 8, 8, 8, 5, 
0, 1, 2, 2, 2, 1, 2, 1, 4, 7, 7, 4, 1, 4, 3, 3, 3, 3, 6, 6, 6, 6, 6, 6, 3, 0, 0, 3, 3, 3, 3, 4, 5, 5, 2, 
0, 3, 4, 7, 4, 5, 4, 7, 8, 7, 7, 4, 3, 3, 6, 6, 3, 4, 1, 2, 2, 1, 4, 3, 4, 7, 6, 3, 6, 6, 6, 6, 7, 4, 7, 
0, 3, 0, 3, 6, 6, 7, 8, 8, 8, 8, 5, 5, 5, 8, 5, 8, 8, 8, 8, 8, 7, 4, 7, 4, 1, 4, 7, 7, 7, 6, 3, 4, 3, 6, 
0, 1, 2, 2, 2, 2, 1, 1, 2, 1, 4, 5, 5, 5, 2, 5, 2, 5, 5, 5, 2, 2, 2, 5, 4, 3, 6, 6, 3, 4, 1, 0, 3, 6, 6, 
0, 1, 2, 2, 2, 2, 2, 5, 8, 7, 6, 7, 6, 6, 3, 6, 7, 4, 5, 4, 1, 2, 2, 5, 5, 2, 2, 2, 1, 0, 0, 1, 1, 2, 2, 
0, 0, 3, 0, 0, 0, 0, 3, 3, 0, 1, 1, 0, 0, 3, 4, 3, 4, 5, 4, 5, 5, 4, 1, 0, 0, 0, 3, 4, 7, 6, 6, 3, 6, 7, 
0, 0, 0, 0, 0, 0, 1, 0, 3, 3, 3, 0, 1, 2, 1, 1, 4, 5, 8, 7, 6, 7, 8, 5, 2, 2, 2, 1, 2, 5, 2, 5, 4, 7, 6, 
0, 0, 3, 6, 6, 7, 6, 7, 6, 3, 6, 6, 6, 7, 8, 8, 8, 8, 8, 8, 8, 8, 8, 7, 7, 4, 5, 4, 1, 4, 7, 8, 5, 5, 8, 
0, 0, 0, 0, 0, 0, 0, 1, 0, 3, 0, 0, 0, 3, 0, 0, 0, 3, 3, 0, 1, 4, 7, 7, 6, 6, 3, 6, 6, 3, 3, 3, 0, 3, 3, 
0, 0, 1, 0, 1, 2, 2, 5, 4, 1, 1, 2, 5, 4, 3, 4, 3, 4, 7, 7, 6, 6, 6, 6, 7, 8, 8, 5, 4, 7, 8, 7, 6, 6, 6, 
0, 1, 1, 4, 5, 8, 8, 8, 5, 2, 2, 1, 1, 2, 2, 2, 5, 2, 5, 2, 1, 4, 5, 4, 5, 2, 2, 2, 2, 1, 4, 1, 1, 0, 0, 
0, 0, 0, 0, 0, 3, 0, 0, 0, 3, 3, 6, 6, 3, 0, 3, 4, 7, 8, 7, 8, 5, 2, 1, 2, 1, 4, 3, 0, 0, 1, 2, 5, 5, 4, 
0, 3, 6, 3, 0, 0, 3, 6, 6, 3, 4, 5, 8, 8, 8, 8, 8, 7, 7, 7, 6, 6, 7, 4, 5, 8, 8, 7, 8, 8, 8, 8, 8, 7, 6, 
0, 0, 1, 0, 0, 3, 6, 3, 0, 1, 1, 1, 4, 7, 8, 5, 4, 7, 4, 5, 4, 5, 2, 1, 0, 0, 0, 3, 4, 7, 4, 5, 4, 5, 5, 
0, 0, 0, 0, 0, 1, 0, 0, 0, 0, 3, 3, 0, 1, 1, 1, 0, 0, 0, 0, 1, 1, 2, 5, 5, 5, 5, 4, 7, 6, 3, 0, 0, 3, 4, 
0, 0, 3, 4, 3, 0, 0, 0, 3, 3, 4, 7, 7, 4, 3, 3, 0, 3, 3, 3, 3, 4, 5, 2, 5, 2, 2, 2, 2, 2, 2, 2, 2, 2, 2, 
0, 0, 3, 0, 0, 3, 4, 3, 0, 1, 0, 0, 0, 0, 0, 1, 0, 0, 0, 0, 0, 0, 0, 3, 0, 3, 6, 7, 6, 7, 4, 1, 4, 1, 1, 
0, 0, 0, 3, 0, 3, 0, 1, 2, 5, 4, 5, 4, 5, 5, 5, 4, 7, 7, 8, 7, 4, 3, 0, 0, 3, 6, 3, 0, 1, 2, 1, 0, 1, 4, 
0, 1, 1, 2, 2, 2, 2, 2, 1, 2, 2, 1, 1, 0, 0, 1, 1, 0, 0, 0, 0, 0, 1, 1, 1, 0, 0, 1, 2, 2, 2, 5, 4, 5, 8, 
0, 0, 3, 0, 0, 0, 0, 0, 0, 3, 4, 3, 3, 3, 3, 6, 7, 6, 6, 6, 6, 7, 6, 3, 6, 3, 4, 1, 4, 3, 3, 4, 3, 0, 0, 
0, 0, 0, 3, 0, 0, 0, 3, 0, 3, 3, 3, 4, 1, 0, 1, 4, 3, 4, 3, 3, 6, 3, 4, 5, 4, 5, 2, 5, 2, 2, 2, 2, 5, 2, 
0, 3, 6, 6, 6, 6, 6, 6, 6, 3, 4, 5, 2, 5, 2, 2, 1, 4, 1, 1, 0, 1, 1, 1, 1, 2, 5, 4, 3, 3, 0, 3, 3, 3, 0, 
0, 3, 3, 4, 5, 2, 2, 1, 4, 1, 4, 7, 6, 3, 4, 1, 1, 0, 3, 6, 6, 6, 6, 6, 3, 0, 3, 6, 7, 4, 5, 4, 3, 0, 0, 
0, 1, 4, 7, 8, 5, 5, 8, 5, 8, 8, 7, 6, 6, 3, 6, 7, 8, 8, 5, 8, 7, 6, 6, 7, 6, 6, 3, 4, 3, 4, 1, 2, 1, 2, 
0, 1, 2, 2, 1, 2, 5, 8, 5, 2, 5, 5, 5, 8, 8, 8, 5, 2, 2, 5, 2, 2, 5, 4, 3, 6, 7, 7, 4, 1, 1, 1, 0, 0, 3, 
0, 0, 3, 6, 6, 7, 7, 4, 1, 0, 0, 0, 3, 4, 7, 6, 6, 6, 6, 3, 6, 6, 6, 7, 4, 1, 0, 0, 0, 3, 0, 3, 6, 7, 8, 
0, 0, 3, 0, 0, 0, 3, 4, 1, 4, 3, 3, 0, 3, 3, 4, 5, 2, 1, 0, 0, 1, 0, 0, 0, 1, 0, 0, 3, 3, 6, 7, 7, 4, 3, 
0, 0, 1, 4, 1, 4, 3, 6, 3, 6, 3, 4, 3, 3, 3, 4, 3, 3, 4, 7, 6, 3, 0, 0, 0, 0, 0, 3, 4, 5, 5, 8, 5, 2, 2, 
0, 1, 1, 1, 4, 7, 7, 4, 3, 4, 1, 4, 3, 4, 7, 4, 5, 8, 8, 8, 8, 8, 8, 7, 7, 7, 8, 8, 7, 7, 4, 3, 4, 5, 5, 
0, 3, 4, 5, 8, 5, 8, 7, 6, 7, 4, 1, 0, 3, 4, 1, 2, 2, 1, 1, 0, 1, 0, 1, 4, 3, 4, 1, 4, 5, 4, 5, 4, 1, 2, 
0, 1, 4, 7, 4, 5, 8, 5, 2, 2, 2, 2, 2, 2, 2, 2, 2, 2, 2, 1, 4, 5, 5, 2, 5, 5, 5, 8, 5, 5, 4, 3, 4, 7, 6, 
0, 0, 1, 4, 5, 8, 8, 8, 7, 8, 5, 8, 8, 5, 4, 3, 6, 3, 6, 6, 3, 0, 3, 4, 3, 4, 1, 0, 3, 3, 3, 6, 6, 7, 8, 
0, 3, 0, 3, 4, 3, 6, 6, 7, 8, 5, 8, 8, 8, 7, 8, 5, 2, 2, 2, 2, 1, 0, 0, 1, 2, 2, 1, 4, 1, 1, 1, 1, 4, 5, 
0, 1, 1, 1, 2, 1, 0, 3, 0, 0, 0, 0, 0, 0, 3, 3, 4, 3, 6, 6, 6, 6, 6, 6, 7, 4, 5, 5, 5, 5, 2, 1, 0, 3, 3, 
0, 1, 4, 7, 4, 5, 5, 2, 2, 2, 2, 2, 5, 5, 2, 5, 5, 4, 7, 4, 7, 8, 8, 8, 8, 8, 5, 2, 1, 4, 1, 2, 2, 2, 1, 
0, 0, 0, 1, 4, 1, 2, 1, 2, 2, 5, 8, 7, 4, 1, 0, 1, 1, 0, 0, 0, 3, 3, 6, 7, 6, 6, 3, 4, 5, 2, 1, 4, 5, 4, 
0, 0, 3, 0, 3, 0, 3, 4, 7, 8, 5, 2, 1, 4, 7, 4, 1, 0, 0, 0, 0, 3, 4, 3, 3, 4, 7, 7, 8, 5, 8, 8, 7, 8, 7, 
0, 3, 0, 0, 0, 0, 1, 0, 1, 1, 1, 1, 2, 1, 1, 4, 7, 8, 8, 8, 7, 7, 7, 7, 8, 8, 7, 7, 4, 3, 6, 6, 3, 6, 6, 
0, 1, 0, 1, 0, 3, 0, 0, 0, 3, 6, 3, 3, 3, 6, 3, 4, 7, 8, 7, 8, 5, 5, 8, 7, 6, 6, 6, 3, 4, 3, 3, 0, 1, 0, 
0, 0, 0, 0, 1, 0, 1, 4, 1, 1, 4, 5, 5, 8, 7, 8, 8, 8, 7, 6, 3, 4, 7, 4, 3, 3, 4, 1, 4, 7, 8, 8, 8, 8, 8, 
0, 0, 1, 1, 2, 2, 5, 2, 5, 5, 4, 1, 2, 5, 8, 8, 5, 2, 5, 4, 7, 6, 3, 3, 4, 1, 2, 1, 1, 4, 1, 2, 5, 2, 1, 
0, 0, 1, 4, 7, 4, 1, 1, 1, 1, 2, 1, 0, 3, 4, 5, 4, 7, 6, 3, 4, 3, 0, 1, 1, 1, 0, 3, 0, 0, 3, 3, 6, 6, 7, 
0, 0, 1, 0, 1, 0, 3, 0, 3, 0, 3, 4, 5, 8, 7, 7, 8, 8, 8, 5, 5, 4, 7, 6, 6, 6, 3, 6, 6, 3, 6, 6, 7, 4, 5, 
0, 0, 1, 2, 1, 0, 1, 4, 1, 0, 0, 3, 0, 0, 3, 4, 5, 8, 8, 8, 8, 7, 7, 7, 7, 7, 4, 1, 1, 1, 1, 0, 0, 0, 1, 
0, 0, 1, 1, 2, 1, 4, 3, 6, 6, 6, 7, 4, 1, 0, 1, 1, 0, 0, 0, 3, 3, 0, 3, 0, 1, 1, 0, 1, 2, 2, 2, 1, 0, 0, 
0, 0, 0, 0, 0, 0, 1, 1, 1, 2, 2, 2, 2, 2, 5, 5, 2, 2, 5, 4, 7, 8, 7, 6, 6, 6, 7, 6, 3, 4, 5, 4, 3, 6, 7, 
0, 1, 4, 1, 1, 4, 1, 4, 3, 3, 3, 3, 3, 4, 1, 0, 3, 6, 3, 6, 3, 3, 0, 1, 4, 7, 4, 7, 6, 6, 3, 4, 3, 3, 0, 
0, 0, 0, 1, 4, 5, 4, 1, 4, 7, 7, 7, 8, 7, 6, 6, 3, 6, 6, 6, 7, 4, 7, 7, 4, 7, 8, 7, 7, 4, 3, 4, 3, 6, 3, 
0, 0, 1, 1, 1, 1, 4, 3, 4, 5, 2, 2, 2, 1, 2, 2, 2, 5, 8, 8, 5, 8, 5, 8, 8, 5, 8, 8, 8, 5, 8, 8, 5, 4, 7, 
0, 0, 3, 6, 6, 7, 4, 1, 2, 2, 2, 1, 0, 3, 4, 3, 0, 0, 1, 0, 0, 0, 3, 0, 0, 0, 3, 0, 1, 0, 0, 1, 0, 0, 0, 
0, 3, 3, 4, 1, 4, 3, 6, 7, 4, 1, 2, 5, 5, 2, 5, 4, 7, 6, 3, 0, 1, 0, 1, 2, 2, 2, 5, 4, 1, 1, 0, 1, 1, 1, 
0, 1, 1, 4, 7, 4, 1, 0, 3, 4, 5, 8, 8, 8, 5, 5, 8, 8, 8, 7, 8, 8, 7, 7, 4, 3, 0, 0, 0, 1, 1, 2, 2, 2, 5, 
0, 1, 2, 2, 2, 1, 2, 2, 2, 5, 4, 3, 6, 3, 3, 6, 6, 7, 4, 1, 4, 1, 2, 1, 0, 0, 1, 1, 2, 1, 0, 0, 3, 0, 1, 
0, 0, 1, 4, 1, 2, 5, 8, 7, 8, 8, 5, 4, 5, 4, 7, 6, 6, 7, 6, 3, 3, 4, 3, 3, 0, 0, 3, 4, 5, 4, 7, 8, 8, 7, 
0, 0, 1, 1, 4, 3, 6, 3, 4, 7, 6, 3, 0, 0, 0, 3, 4, 7, 6, 6, 7, 6, 3, 6, 6, 3, 0, 3, 3, 0, 3, 3, 0, 1, 1, 
0, 3, 6, 7, 4, 7, 4, 7, 7, 6, 6, 7, 8, 5, 4, 5, 8, 5, 5, 5, 5, 4, 7, 4, 7, 6, 6, 3, 3, 0, 3, 3, 6, 6, 6, 
0, 0, 1, 2, 5, 8, 7, 6, 6, 7, 7, 4, 5, 2, 1, 0, 1, 1, 1, 4, 7, 4, 7, 4, 5, 2, 5, 5, 8, 5, 2, 2, 5, 2, 5, 
0, 0, 3, 3, 6, 3, 3, 4, 5, 8, 5, 4, 1, 0, 1, 0, 1, 2, 5, 2, 2, 1, 2, 1, 1, 2, 2, 2, 5, 8, 7, 6, 6, 3, 6, 
0, 0, 3, 6, 6, 6, 6, 3, 3, 3, 4, 7, 4, 5, 2, 1, 0, 0, 1, 1, 2, 2, 2, 5, 2, 2, 2, 2, 2, 1, 0, 1, 1, 0, 0, 
0, 3, 4, 5, 8, 5, 5, 8, 8, 8, 8, 8, 5, 8, 8, 8, 8, 8, 8, 5, 8, 5, 5, 8, 8, 7, 7, 6, 6, 6, 6, 7, 7, 8, 8, 
0, 0, 0, 0, 0, 3, 4, 3, 3, 6, 3, 0, 1, 0, 0, 1, 1, 4, 5, 4, 3, 0, 1, 1, 1, 4, 5, 8, 8, 7, 6, 6, 3, 0, 3, 
0, 3, 6, 6, 6, 6, 7, 6, 6, 7, 4, 5, 2, 1, 2, 1, 2, 5, 2, 1, 4, 3, 3, 4, 7, 4, 3, 4, 7, 8, 8, 5, 2, 5, 8, 
0, 1, 0, 3, 4, 3, 4, 5, 4, 5, 8, 8, 7, 8, 8, 7, 4, 5, 8, 8, 8, 5, 2, 2, 1, 4, 1, 2, 5, 8, 8, 7, 6, 7, 6, 
0, 3, 0, 1, 2, 2, 5, 5, 5, 5, 8, 5, 8, 5, 4, 3, 6, 3, 0, 0, 1, 2, 2, 2, 2, 2, 5, 5, 2, 5, 5, 4, 3, 6, 3, 
0, 3, 0, 0, 1, 0, 3, 4, 5, 5, 8, 7, 7, 4, 1, 0, 0, 3, 4, 1, 2, 2, 2, 1, 0, 3, 0, 1, 4, 5, 5, 4, 5, 8, 5, 
0, 1, 2, 1, 0, 0, 3, 3, 6, 6, 6, 7, 8, 5, 5, 8, 5, 4, 5, 8, 7, 8, 8, 7, 4, 3, 0, 0, 1, 1, 0, 3, 4, 1, 2, 
0, 1, 4, 3, 6, 3, 4, 7, 7, 8, 5, 5, 4, 5, 8, 5, 8, 7, 7, 6, 6, 6, 7, 4, 5, 8, 5, 2, 5, 5, 5, 2, 2, 2, 5, 
0, 1, 4, 3, 4, 1, 1, 0, 0, 3, 6, 3, 0, 3, 4, 5, 8, 8, 7, 7, 8, 5, 5, 5, 4, 5, 2, 2, 5, 5, 8, 5, 4, 5, 2, 
0, 1, 4, 1, 0, 1, 1, 2, 5, 5, 8, 7, 7, 7, 6, 6, 6, 6, 3, 6, 6, 6, 6, 6, 6, 6, 6, 3, 6, 3, 0, 1, 0, 3, 0, 
0, 1, 4, 7, 6, 7, 7, 8, 8, 8, 8, 5, 8, 5, 2, 2, 2, 5, 4, 1, 0, 0, 0, 1, 4, 7, 7, 6, 7, 7, 6, 3, 3, 3, 4, 
0, 0, 1, 1, 2, 5, 4, 1, 4, 3, 6, 6, 3, 3, 6, 3, 3, 0, 3, 4, 3, 6, 6, 6, 6, 3, 4, 5, 8, 7, 7, 4, 5, 8, 8, 
0, 3, 0, 1, 2, 1, 4, 3, 3, 3, 0, 1, 4, 7, 4, 1, 0, 3, 3, 0, 3, 0, 1, 0, 1, 4, 3, 4, 3, 6, 3, 3, 6, 6, 3, 
0, 0, 3, 3, 6, 6, 6, 6, 7, 8, 7, 8, 8, 8, 8, 8, 7, 8, 8, 8, 5, 2, 2, 5, 4, 7, 7, 4, 3, 3, 4, 1, 2, 1, 1, 
0, 3, 0, 1, 2, 5, 5, 8, 8, 8, 8, 5, 4, 5, 4, 1, 4, 1, 1, 2, 2, 1, 1, 1, 4, 1, 1, 1, 1, 4, 5, 4, 1, 1, 2, 
0, 1, 2, 1, 1, 0, 3, 6, 3, 0, 0, 0, 3, 3, 4, 5, 2, 1, 4, 5, 8, 7, 8, 7, 7, 7, 6, 7, 4, 5, 4, 5, 5, 2, 1, 
0, 0, 1, 4, 1, 1, 4, 7, 6, 6, 3, 6, 6, 7, 4, 3, 4, 1, 2, 2, 2, 2, 1, 1, 0, 3, 3, 6, 6, 3, 4, 7, 7, 4, 1, 
0, 0, 1, 2, 2, 2, 2, 5, 4, 7, 6, 6, 7, 8, 8, 8, 8, 8, 7, 6, 6, 6, 3, 4, 1, 0, 1, 1, 1, 4, 5, 5, 2, 5, 5, 
0, 0, 3, 6, 3, 4, 7, 8, 5, 2, 2, 1, 1, 1, 4, 1, 1, 2, 2, 2, 5, 2, 2, 2, 1, 1, 1, 2, 1, 2, 1, 2, 2, 5, 5, 
0, 1, 0, 0, 1, 1, 4, 3, 0, 0, 3, 3, 4, 5, 4, 7, 7, 6, 6, 6, 7, 8, 7, 4, 7, 8, 7, 8, 7, 8, 5, 5, 4, 5, 4, 
0, 1, 2, 1, 2, 2, 5, 4, 5, 2, 1, 2, 2, 1, 2, 2, 2, 2, 5, 4, 7, 8, 5, 8, 8, 8, 8, 8, 8, 8, 8, 5, 4, 5, 2, 
0, 0, 0, 1, 2, 5, 4, 1, 2, 1, 0, 1, 2, 1, 1, 0, 0, 0, 3, 0, 0, 0, 0, 0, 0, 0, 1, 2, 5, 2, 5, 5, 8, 8, 8, 
0, 1, 0, 0, 3, 4, 5, 2, 5, 5, 4, 5, 2, 1, 0, 0, 0, 0, 0, 3, 4, 3, 0, 1, 4, 5, 2, 2, 2, 2, 2, 2, 5, 8, 8, 
0, 0, 3, 4, 5, 2, 2, 1, 0, 1, 0, 0, 1, 1, 1, 2, 2, 2, 1, 2, 2, 2, 2, 1, 4, 7, 8, 8, 8, 8, 7, 7, 6, 6, 6, 
0, 0, 3, 3, 4, 5, 2, 5, 8, 7, 8, 7, 4, 3, 3, 4, 3, 3, 0, 1, 0, 0, 3, 3, 6, 7, 4, 7, 6, 6, 6, 3, 6, 6, 3, 
0, 1, 1, 1, 0, 0, 0, 1, 0, 1, 2, 1, 0, 0, 3, 4, 3, 0, 0, 0, 0, 0, 1, 4, 1, 1, 1, 4, 5, 4, 3, 4, 1, 4, 3, 
0, 1, 2, 5, 4, 7, 6, 6, 6, 6, 6, 6, 6, 7, 4, 1, 4, 5, 4, 5, 5, 4, 5, 8, 5, 4, 1, 1, 1, 1, 4, 5, 8, 7, 8, 
0, 0, 0, 0, 0, 0, 1, 4, 3, 3, 4, 1, 0, 0, 0, 0, 1, 1, 4, 1, 1, 2, 2, 5, 8, 8, 8, 5, 5, 2, 2, 2, 5, 2, 1, 
0, 0, 0, 0, 0, 0, 0, 3, 0, 0, 0, 1, 2, 2, 2, 2, 5, 8, 8, 7, 6, 6, 6, 3, 0, 1, 2, 5, 4, 7, 4, 7, 4, 1, 4, 
0, 1, 0, 0, 0, 0, 3, 4, 1, 2, 1, 4, 7, 4, 5, 5, 8, 5, 4, 7, 8, 8, 7, 8, 5, 5, 2, 2, 2, 5, 5, 4, 7, 7, 7, 
0, 3, 6, 3, 3, 3, 4, 5, 4, 7, 6, 6, 6, 6, 6, 6, 7, 7, 6, 6, 7, 6, 3, 0, 0, 0, 1, 2, 2, 1, 2, 1, 4, 3, 4, 
0, 3, 0, 1, 0, 1, 4, 5, 4, 5, 4, 3, 3, 4, 3, 3, 6, 3, 3, 0, 3, 4, 1, 2, 2, 5, 2, 5, 8, 7, 6, 3, 6, 6, 3, 
0, 3, 6, 7, 8, 8, 8, 5, 8, 5, 4, 7, 6, 3, 0, 0, 3, 0, 3, 4, 3, 6, 3, 4, 7, 7, 4, 1, 0, 1, 2, 2, 2, 5, 5, 
0, 0, 3, 0, 0, 3, 4, 1, 4, 1, 1, 1, 0, 0, 0, 3, 0, 3, 6, 7, 7, 7, 6, 7, 4, 3, 0, 1, 2, 2, 2, 1, 1, 1, 4, 
0, 0, 0, 3, 4, 7, 4, 3, 0, 0, 3, 6, 6, 7, 8, 5, 5, 4, 1, 4, 1, 2, 1, 1, 4, 1, 2, 1, 0, 0, 0, 3, 4, 7, 7, 
0, 1, 2, 1, 0, 0, 0, 3, 3, 6, 6, 6, 6, 6, 6, 6, 7, 8, 5, 2, 2, 2, 2, 1, 0, 1, 0, 0, 0, 0, 3, 0, 3, 0, 0, 
0, 1, 2, 5, 4, 3, 6, 3, 0, 0, 0, 0, 0, 0, 1, 1, 2, 1, 4, 3, 6, 6, 6, 7, 6, 6, 7, 4, 3, 4, 1, 4, 7, 4, 1, 
0, 3, 3, 6, 6, 7, 4, 3, 6, 6, 6, 3, 0, 0, 0, 1, 0, 0, 0, 0, 0, 0, 0, 0, 0, 0, 0, 0, 1, 1, 4, 7, 7, 6, 6, 
0, 0, 0, 3, 3, 4, 1, 0, 0, 1, 2, 2, 5, 4, 7, 4, 3, 6, 6, 7, 8, 8, 7, 4, 1, 1, 2, 1, 2, 1, 4, 7, 6, 7, 7, 
0, 0, 0, 0, 1, 4, 7, 6, 6, 3, 4, 3, 3, 6, 3, 6, 3, 6, 6, 6, 6, 7, 8, 8, 7, 6, 7, 6, 3, 6, 6, 7, 7, 4, 7, 
0, 0, 0, 1, 0, 1, 4, 3, 4, 1, 4, 7, 8, 7, 6, 6, 6, 6, 7, 8, 7, 4, 3, 3, 0, 1, 2, 2, 5, 8, 7, 7, 4, 3, 3, 
0, 3, 4, 1, 2, 5, 8, 8, 8, 5, 4, 7, 6, 6, 6, 6, 6, 6, 6, 6, 3, 4, 5, 5, 8, 8, 8, 8, 5, 4, 5, 5, 2, 2, 1, 
0, 0, 0, 0, 0, 3, 4, 1, 2, 5, 5, 4, 1, 2, 1, 2, 1, 1, 4, 7, 7, 4, 5, 2, 5, 5, 4, 7, 8, 8, 8, 5, 5, 2, 1, 
0, 0, 1, 4, 5, 4, 1, 0, 0, 0, 1, 0, 3, 3, 6, 6, 6, 6, 6, 3, 4, 1, 1, 1, 1, 1, 2, 2, 2, 5, 4, 3, 4, 5, 5, 
0, 3, 3, 0, 0, 0, 3, 6, 3, 0, 0, 0, 0, 0, 3, 3, 4, 7, 4, 7, 6, 3, 6, 6, 6, 3, 4, 1, 0, 0, 3, 4, 7, 6, 6, 
0, 0, 0, 3, 3, 4, 3, 0, 0, 3, 0, 0, 1, 2, 1, 1, 0, 0, 0, 0, 0, 0, 0, 3, 3, 3, 6, 6, 3, 6, 3, 4, 1, 4, 5, 
0, 0, 3, 6, 6, 6, 6, 6, 6, 7, 4, 7, 8, 7, 6, 6, 6, 3, 6, 6, 6, 3, 6, 6, 6, 6, 7, 8, 8, 5, 5, 4, 1, 1, 1, 
0, 0, 3, 3, 6, 6, 3, 0, 0, 0, 0, 0, 3, 6, 7, 8, 5, 4, 3, 6, 6, 7, 4, 1, 2, 1, 1, 1, 0, 0, 0, 0, 3, 4, 1, 
0, 1, 4, 3, 0, 0, 1, 1, 0, 0, 3, 0, 3, 4, 7, 8, 8, 8, 8, 8, 7, 7, 8, 5, 5, 2, 2, 2, 2, 2, 2, 1, 4, 3, 4, 
0, 0, 0, 0, 3, 0, 3, 0, 1, 0, 0, 1, 2, 2, 2, 1, 4, 3, 3, 3, 3, 6, 3, 6, 7, 8, 5, 2, 1, 2, 2, 2, 1, 1, 4, 
0, 0, 0, 0, 3, 3, 0, 1, 2, 2, 2, 2, 2, 2, 1, 1, 2, 2, 2, 2, 1, 4, 1, 2, 2, 2, 2, 1, 0, 3, 4, 5, 5, 5, 8, 
0, 0, 0, 0, 1, 2, 2, 2, 2, 2, 2, 5, 4, 5, 4, 7, 7, 4, 7, 8, 8, 7, 7, 7, 7, 6, 3, 0, 3, 3, 0, 1, 0, 0, 3, 
0, 1, 0, 0, 3, 3, 4, 3, 0, 0, 1, 2, 2, 5, 8, 8, 8, 8, 7, 7, 8, 7, 4, 3, 4, 3, 6, 7, 4, 3, 4, 7, 8, 7, 8, 
0, 0, 0, 0, 1, 1, 4, 3, 4, 3, 6, 7, 4, 7, 7, 4, 1, 1, 1, 0, 0, 0, 0, 0, 3, 4, 3, 3, 3, 4, 3, 3, 3, 3, 3, 
0, 1, 0, 3, 4, 3, 4, 5, 4, 3, 0, 1, 2, 2, 2, 2, 5, 5, 4, 3, 4, 5, 5, 2, 2, 2, 1, 2, 5, 5, 4, 3, 3, 0, 0, 
0, 3, 3, 0, 3, 6, 6, 6, 6, 6, 6, 3, 4, 1, 1, 4, 1, 4, 1, 0, 0, 3, 4, 3, 3, 6, 6, 7, 7, 8, 7, 8, 7, 8, 8, 
0, 0, 0, 0, 3, 6, 7, 4, 7, 4, 1, 2, 5, 2, 1, 4, 1, 2, 5, 8, 8, 8, 8, 8, 7, 4, 1, 0, 0, 0, 0, 0, 1, 2, 5, 
0, 0, 1, 1, 0, 0, 0, 0, 0, 0, 1, 2, 2, 2, 2, 2, 2, 1, 1, 1, 4, 1, 4, 3, 4, 1, 4, 7, 6, 6, 3, 3, 3, 4, 7, 
0, 0, 1, 4, 7, 6, 7, 7, 6, 6, 6, 6, 7, 4, 3, 0, 3, 0, 0, 3, 3, 3, 6, 6, 6, 7, 7, 7, 7, 4, 3, 3, 4, 7, 7, 
0, 1, 0, 0, 0, 0, 0, 0, 3, 6, 6, 6, 3, 3, 3, 3, 6, 3, 0, 0, 3, 4, 5, 4, 7, 4, 7, 7, 8, 8, 7, 6, 7, 6, 6, 
0, 0, 3, 6, 7, 6, 3, 4, 3, 0, 0, 0, 1, 0, 3, 3, 6, 3, 4, 5, 2, 2, 2, 2, 1, 4, 1, 2, 5, 2, 1, 2, 2, 5, 5, 
0, 0, 0, 0, 1, 1, 4, 5, 4, 7, 7, 6, 6, 7, 7, 8, 7, 4, 7, 7, 6, 6, 6, 6, 7, 4, 5, 4, 3, 3, 3, 3, 0, 1, 2, 
0, 0, 0, 0, 0, 1, 1, 0, 0, 0, 3, 6, 6, 3, 6, 7, 4, 3, 0, 0, 3, 6, 6, 3, 3, 4, 7, 7, 8, 8, 7, 4, 7, 7, 6, 
0, 0, 0, 0, 0, 3, 6, 6, 3, 4, 7, 8, 8, 7, 7, 4, 7, 8, 8, 7, 7, 4, 5, 4, 1, 4, 1, 4, 5, 8, 7, 4, 5, 5, 2, 
0, 3, 0, 0, 3, 3, 4, 7, 8, 5, 2, 5, 2, 5, 8, 8, 7, 6, 7, 4, 3, 0, 1, 2, 5, 2, 5, 4, 7, 7, 7, 7, 7, 7, 7, 
0, 0, 0, 0, 0, 0, 1, 0, 1, 1, 4, 1, 4, 3, 6, 7, 7, 7, 7, 7, 7, 6, 6, 6, 7, 8, 7, 4, 7, 7, 6, 3, 4, 7, 7, 
0, 0, 1, 1, 0, 1, 1, 4, 3, 6, 6, 7, 8, 8, 8, 8, 5, 5, 8, 8, 5, 4, 7, 4, 1, 1, 2, 2, 1, 4, 7, 4, 7, 7, 7, 
0, 0, 3, 0, 0, 3, 0, 0, 0, 0, 1, 0, 1, 0, 1, 2, 1, 4, 1, 4, 7, 4, 7, 8, 8, 7, 8, 8, 8, 5, 4, 5, 4, 5, 2, 
0, 3, 0, 0, 0, 0, 0, 3, 0, 0, 0, 0, 0, 0, 0, 0, 0, 0, 3, 4, 7, 7, 6, 3, 6, 6, 3, 4, 3, 0, 1, 4, 3, 6, 3, 
0, 0, 0, 0, 0, 0, 3, 4, 3, 3, 6, 3, 0, 3, 0, 0, 0, 0, 0, 3, 4, 7, 8, 7, 8, 8, 7, 7, 4, 7, 4, 3, 6, 6, 3, 
0, 0, 1, 0, 1, 4, 1, 2, 5, 2, 2, 1, 0, 0, 0, 3, 0, 0, 0, 0, 0, 0, 0, 0, 0, 3, 0, 1, 4, 3, 3, 4, 3, 3, 4, 
0, 0, 3, 3, 4, 7, 7, 7, 4, 1, 0, 0, 1, 4, 1, 1, 4, 7, 6, 6, 7, 4, 1, 1, 0, 3, 6, 6, 6, 6, 6, 6, 7, 6, 6, 
0, 1, 0, 3, 3, 3, 4, 5, 4, 1, 2, 2, 1, 4, 1, 1, 0, 0, 1, 1, 2, 2, 1, 4, 3, 3, 0, 0, 1, 1, 2, 5, 5, 8, 7, 
0, 0, 0, 0, 0, 1, 1, 2, 2, 2, 1, 0, 1, 1, 0, 1, 2, 2, 1, 4, 5, 8, 7, 7, 6, 3, 3, 3, 3, 3, 0, 3, 3, 3, 4, 
0, 1, 4, 3, 0, 0, 0, 0, 3, 4, 3, 6, 3, 3, 6, 6, 6, 7, 4, 1, 1, 2, 2, 1, 1, 2, 2, 2, 1, 4, 7, 7, 4, 3, 6, 
0, 0, 3, 4, 5, 8, 7, 8, 8, 8, 7, 8, 5, 8, 8, 5, 5, 8, 5, 2, 2, 5, 2, 2, 2, 5, 5, 4, 1, 2, 1, 2, 1, 2, 5, 
0, 0, 0, 3, 0, 1, 2, 2, 1, 4, 5, 4, 1, 2, 2, 2, 2, 5, 2, 2, 2, 5, 5, 2, 2, 1, 1, 4, 5, 5, 5, 5, 2, 2, 1, 
0, 1, 0, 0, 1, 2, 2, 2, 2, 1, 2, 1, 4, 7, 8, 8, 7, 6, 7, 6, 3, 3, 4, 1, 4, 1, 4, 1, 4, 1, 1, 4, 7, 4, 1, 
0, 0, 0, 3, 3, 6, 3, 6, 3, 6, 7, 7, 7, 7, 7, 6, 3, 0, 0, 0, 3, 4, 1, 1, 1, 4, 3, 0, 3, 4, 5, 4, 5, 2, 2, 
0, 0, 0, 1, 1, 1, 0, 3, 6, 6, 7, 6, 6, 3, 3, 4, 3, 0, 1, 4, 5, 8, 8, 5, 5, 2, 5, 2, 2, 1, 1, 2, 2, 2, 2, 
0, 0, 0, 1, 2, 2, 2, 1, 0, 0, 0, 0, 0, 0, 3, 4, 7, 6, 7, 4, 5, 2, 5, 4, 3, 4, 1, 1, 4, 7, 7, 4, 3, 4, 3, 
0, 0, 0, 0, 0, 1, 1, 1, 0, 3, 3, 6, 3, 3, 3, 0, 0, 3, 3, 6, 7, 7, 7, 8, 7, 7, 7, 8, 7, 6, 3, 4, 5, 5, 5, 
0, 3, 0, 1, 0, 0, 0, 0, 0, 0, 0, 3, 6, 6, 7, 7, 4, 7, 7, 8, 8, 7, 4, 3, 6, 6, 7, 7, 8, 8, 8, 5, 4, 1, 1, 
0, 3, 3, 4, 7, 6, 6, 7, 6, 6, 7, 4, 3, 4, 3, 6, 3, 6, 7, 4, 3, 3, 3, 4, 5, 8, 5, 2, 1, 1, 4, 1, 4, 3, 3, 
0, 0, 3, 6, 6, 6, 6, 6, 6, 6, 6, 3, 6, 6, 6, 6, 3, 4, 3, 0, 0, 0, 0, 3, 4, 5, 8, 8, 7, 6, 6, 6, 6, 3, 6, 
0, 0, 0, 3, 3, 4, 1, 0, 0, 3, 4, 1, 0, 0, 1, 2, 5, 5, 2, 2, 2, 1, 1, 1, 0, 0, 0, 0, 3, 0, 0, 0, 1, 4, 1, 
0, 0, 0, 0, 1, 0, 1, 1, 1, 4, 5, 8, 8, 8, 8, 5, 2, 2, 2, 1, 4, 5, 4, 7, 8, 5, 5, 2, 5, 8, 8, 7, 6, 6, 6, 
0, 1, 4, 1, 1, 0, 1, 2, 2, 5, 2, 5, 8, 8, 5, 8, 8, 8, 8, 5, 8, 8, 8, 8, 7, 6, 7, 6, 3, 0, 1, 2, 2, 1, 1, 
0, 0, 0, 1, 1, 0, 1, 1, 2, 1, 4, 1, 1, 4, 1, 2, 2, 2, 2, 5, 2, 2, 2, 1, 2, 5, 5, 2, 5, 8, 5, 5, 8, 5, 5, 
0, 0, 0, 0, 1, 0, 1, 2, 1, 0, 3, 6, 3, 0, 3, 3, 3, 6, 3, 4, 5, 5, 5, 4, 3, 4, 3, 6, 3, 4, 5, 2, 2, 5, 4, 
0, 0, 3, 0, 0, 0, 0, 1, 1, 4, 7, 6, 6, 6, 6, 6, 6, 3, 3, 0, 0, 0, 0, 0, 0, 0, 3, 3, 3, 3, 0, 0, 1, 0, 3, 
0, 1, 2, 1, 2, 1, 4, 7, 6, 3, 0, 1, 2, 2, 2, 2, 5, 2, 5, 8, 8, 5, 4, 3, 3, 3, 0, 1, 4, 3, 0, 1, 4, 7, 4, 
0, 3, 3, 3, 0, 0, 0, 3, 4, 5, 8, 8, 8, 5, 4, 7, 7, 6, 7, 7, 7, 4, 7, 7, 7, 4, 1, 1, 2, 5, 5, 5, 5, 2, 1, 
0, 0, 3, 6, 7, 6, 7, 7, 7, 6, 6, 6, 6, 6, 6, 6, 3, 3, 4, 5, 8, 8, 7, 7, 7, 6, 6, 6, 7, 8, 5, 8, 8, 5, 4, 
0, 3, 6, 3, 0, 0, 3, 0, 0, 0, 3, 4, 5, 2, 2, 2, 1, 0, 1, 1, 4, 5, 4, 1, 4, 1, 1, 1, 0, 0, 3, 3, 4, 1, 4, 
0, 0, 0, 1, 2, 2, 1, 4, 1, 1, 4, 5, 2, 5, 5, 8, 7, 7, 8, 5, 8, 8, 8, 7, 4, 1, 1, 4, 7, 4, 7, 6, 3, 6, 7, 
0, 0, 0, 1, 2, 5, 8, 8, 8, 8, 8, 5, 8, 8, 5, 8, 8, 8, 5, 5, 8, 8, 7, 4, 3, 6, 6, 6, 6, 6, 6, 7, 7, 8, 7, 
0, 1, 0, 0, 3, 6, 3, 0, 1, 1, 2, 2, 2, 1, 0, 3, 3, 6, 6, 7, 4, 5, 4, 7, 7, 8, 7, 6, 7, 4, 1, 2, 2, 5, 5, 
0, 0, 1, 4, 7, 8, 5, 8, 5, 5, 5, 5, 8, 5, 8, 7, 8, 5, 8, 8, 8, 5, 8, 8, 7, 7, 6, 7, 8, 7, 4, 1, 2, 2, 2, 
0, 0, 0, 1, 1, 1, 4, 7, 7, 7, 7, 8, 8, 8, 7, 8, 5, 2, 1, 4, 7, 6, 6, 6, 6, 3, 6, 7, 4, 1, 1, 0, 1, 0, 1, 
0, 0, 0, 1, 4, 1, 2, 5, 4, 3, 0, 0, 0, 0, 0, 3, 0, 1, 0, 3, 6, 6, 6, 6, 7, 6, 6, 6, 6, 7, 7, 8, 5, 2, 2, 
0, 3, 6, 6, 6, 7, 6, 7, 7, 7, 8, 8, 5, 4, 1, 1, 1, 1, 4, 3, 3, 3, 4, 5, 4, 1, 2, 5, 5, 4, 7, 6, 3, 4, 5, 
0, 1, 1, 4, 1, 1, 4, 1, 2, 2, 2, 5, 5, 5, 4, 7, 4, 7, 7, 8, 8, 8, 8, 7, 7, 6, 6, 3, 4, 7, 8, 8, 7, 8, 8, 
0, 1, 0, 3, 6, 7, 4, 3, 4, 7, 7, 4, 7, 7, 7, 8, 7, 7, 8, 5, 8, 7, 7, 7, 6, 6, 6, 6, 6, 6, 7, 8, 5, 5, 4, 
0, 3, 0, 0, 0, 3, 4, 5, 2, 5, 2, 2, 5, 4, 7, 4, 7, 6, 6, 6, 6, 7, 7, 6, 6, 6, 6, 7, 8, 7, 4, 7, 7, 8, 8, 
0, 1, 2, 2, 1, 4, 1, 1, 0, 0, 0, 1, 0, 0, 1, 4, 1, 4, 7, 8, 5, 5, 8, 5, 2, 5, 5, 5, 2, 2, 2, 1, 1, 0, 0, 
0, 0, 1, 4, 1, 2, 1, 2, 1, 1, 4, 5, 5, 5, 8, 8, 8, 8, 7, 4, 3, 6, 3, 0, 1, 1, 4, 5, 8, 8, 5, 2, 2, 2, 1, 
0, 0, 1, 4, 3, 0, 0, 0, 0, 3, 0, 0, 3, 3, 6, 3, 0, 0, 0, 0, 0, 0, 3, 6, 6, 7, 4, 1, 1, 1, 2, 1, 1, 1, 0, 
0, 0, 0, 3, 3, 6, 6, 6, 7, 6, 6, 6, 3, 6, 3, 0, 0, 1, 4, 7, 4, 1, 2, 1, 2, 2, 2, 5, 4, 7, 7, 8, 7, 6, 7, 
0, 0, 0, 3, 0, 3, 4, 5, 4, 3, 6, 6, 6, 6, 7, 4, 5, 2, 5, 4, 7, 8, 8, 7, 7, 8, 5, 2, 2, 2, 5, 5, 2, 2, 2, 
0, 0, 0, 3, 3, 6, 7, 7, 4, 5, 2, 2, 5, 5, 5, 8, 8, 8, 8, 8, 8, 8, 8, 8, 5, 5, 4, 3, 0, 0, 0, 3, 6, 3, 6, 
0, 0, 1, 4, 7, 8, 8, 5, 4, 3, 4, 1, 1, 4, 5, 8, 8, 8, 7, 7, 4, 1, 4, 1, 2, 2, 5, 8, 5, 5, 5, 8, 7, 8, 7, 
0, 3, 6, 6, 3, 4, 1, 0, 0, 0, 1, 0, 0, 0, 1, 1, 2, 2, 2, 1, 2, 2, 1, 2, 2, 1, 0, 3, 0, 0, 3, 4, 5, 8, 7, 
0, 0, 1, 2, 2, 2, 2, 2, 5, 2, 1, 2, 2, 2, 2, 1, 1, 0, 0, 3, 0, 0, 0, 1, 2, 5, 8, 8, 8, 8, 5, 5, 2, 2, 2, 
0, 0, 0, 0, 3, 4, 5, 4, 1, 4, 7, 7, 8, 8, 8, 8, 8, 8, 8, 5, 8, 5, 2, 5, 4, 3, 0, 0, 3, 0, 3, 4, 3, 0, 0, 
0, 1, 0, 3, 0, 1, 1, 2, 5, 4, 5, 4, 1, 4, 5, 5, 5, 4, 1, 4, 7, 7, 7, 7, 4, 1, 2, 1, 4, 1, 0, 0, 0, 0, 1, 
0, 1, 4, 5, 5, 8, 8, 7, 8, 8, 8, 8, 5, 5, 8, 8, 7, 8, 8, 8, 5, 8, 5, 8, 8, 7, 8, 5, 5, 2, 2, 5, 2, 2, 2, 
0, 3, 3, 0, 0, 0, 1, 1, 1, 1, 0, 0, 0, 0, 3, 0, 3, 6, 3, 6, 7, 6, 3, 4, 3, 0, 0, 1, 2, 2, 1, 0, 1, 1, 4, 
0, 0, 0, 3, 3, 4, 3, 0, 0, 1, 0, 0, 0, 0, 0, 3, 6, 7, 6, 6, 3, 0, 3, 0, 3, 6, 6, 6, 6, 3, 4, 3, 4, 7, 7, 
0, 1, 1, 0, 0, 0, 0, 0, 0, 3, 6, 3, 4, 1, 1, 1, 0, 3, 0, 1, 1, 2, 5, 4, 1, 1, 1, 1, 4, 3, 3, 4, 7, 8, 7, 
0, 0, 0, 0, 1, 1, 0, 1, 0, 0, 0, 0, 0, 0, 0, 3, 3, 0, 3, 4, 1, 0, 0, 1, 4, 3, 4, 7, 6, 3, 6, 3, 0, 1, 2, 
0, 0, 0, 3, 3, 6, 6, 6, 7, 4, 3, 0, 0, 0, 0, 0, 0, 0, 1, 2, 5, 4, 5, 4, 1, 4, 3, 3, 6, 3, 3, 6, 6, 6, 6, 
0, 3, 3, 4, 7, 6, 3, 0, 0, 0, 0, 0, 0, 0, 0, 1, 4, 1, 4, 3, 3, 4, 1, 4, 3, 0, 3, 3, 0, 0, 1, 1, 2, 2, 1, 
0, 0, 3, 6, 3, 0, 3, 0, 0, 0, 0, 0, 1, 1, 4, 5, 2, 2, 1, 4, 5, 8, 5, 2, 2, 1, 4, 7, 7, 7, 4, 5, 5, 2, 5, 
0, 0, 3, 4, 1, 0, 0, 3, 3, 3, 6, 6, 7, 4, 5, 2, 2, 5, 4, 1, 2, 1, 1, 2, 2, 5, 8, 7, 8, 7, 8, 5, 8, 7, 8, 
0, 0, 1, 0, 0, 0, 3, 4, 5, 4, 5, 2, 2, 5, 4, 1, 4, 5, 2, 2, 2, 2, 5, 2, 1, 0, 0, 0, 1, 2, 2, 2, 1, 4, 7, 
0, 3, 3, 6, 7, 8, 7, 8, 7, 4, 5, 2, 1, 2, 2, 2, 1, 0, 0, 3, 0, 3, 6, 3, 0, 0, 1, 4, 3, 0, 0, 1, 1, 4, 1, 
0, 0, 1, 2, 1, 4, 7, 8, 5, 2, 2, 2, 2, 2, 1, 1, 0, 0, 0, 0, 3, 3, 4, 1, 1, 0, 1, 0, 3, 4, 1, 0, 1, 4, 3, 
0, 0, 0, 3, 6, 6, 6, 7, 4, 1, 4, 7, 8, 5, 4, 3, 6, 7, 8, 8, 8, 5, 8, 7, 4, 1, 1, 4, 7, 7, 4, 7, 6, 3, 4, 
0, 0, 0, 3, 3, 4, 7, 7, 8, 5, 5, 8, 8, 8, 8, 5, 8, 5, 5, 5, 5, 8, 8, 8, 5, 5, 4, 5, 4, 1, 0, 1, 2, 1, 2, 
0, 0, 3, 4, 3, 4, 7, 6, 6, 6, 3, 0, 0, 0, 0, 0, 0, 0, 1, 2, 5, 5, 2, 1, 4, 7, 7, 4, 5, 2, 2, 5, 8, 7, 8, 
0, 0, 0, 1, 0, 0, 0, 1, 0, 3, 0, 1, 0, 0, 0, 1, 4, 1, 0, 0, 1, 0, 1, 1, 2, 2, 5, 5, 5, 4, 7, 4, 7, 7, 6, 
0, 0, 1, 1, 4, 3, 6, 3, 0, 3, 4, 3, 6, 3, 0, 1, 4, 1, 4, 1, 1, 0, 0, 3, 0, 1, 4, 1, 4, 5, 2, 2, 5, 4, 3, 
0, 1, 2, 2, 1, 0, 0, 0, 3, 6, 6, 7, 8, 7, 4, 5, 4, 7, 8, 8, 5, 4, 7, 7, 8, 8, 5, 2, 1, 2, 2, 2, 2, 5, 8, 
0, 0, 1, 2, 1, 0, 1, 0, 0, 1, 2, 2, 2, 5, 4, 3, 3, 4, 3, 4, 1, 0, 1, 1, 1, 2, 2, 2, 1, 0, 3, 6, 6, 3, 3, 
0, 0, 0, 0, 0, 3, 4, 1, 2, 5, 5, 4, 7, 7, 8, 5, 4, 7, 6, 6, 6, 7, 4, 1, 1, 2, 2, 2, 2, 2, 5, 4, 5, 8, 7, 
0, 3, 3, 3, 4, 3, 6, 3, 0, 0, 1, 2, 2, 2, 1, 1, 0, 1, 4, 7, 8, 7, 6, 6, 7, 8, 5, 5, 4, 7, 7, 6, 6, 3, 0, 
0, 1, 2, 2, 2, 2, 2, 5, 8, 8, 8, 8, 8, 5, 2, 2, 2, 2, 1, 0, 0, 3, 6, 6, 6, 7, 6, 6, 7, 6, 6, 6, 6, 3, 3, 
0, 0, 3, 4, 7, 7, 4, 3, 0, 1, 4, 7, 8, 8, 8, 5, 4, 5, 5, 2, 5, 5, 2, 2, 5, 2, 1, 4, 3, 3, 6, 6, 7, 6, 6, 
0, 3, 0, 0, 0, 0, 3, 0, 1, 4, 5, 5, 8, 8, 7, 6, 7, 6, 6, 6, 6, 6, 6, 6, 6, 6, 6, 6, 3, 4, 1, 2, 2, 1, 4, 
0, 0, 0, 1, 4, 7, 4, 3, 0, 0, 1, 2, 5, 5, 4, 3, 0, 0, 3, 0, 1, 0, 0, 1, 0, 0, 0, 0, 0, 0, 1, 2, 1, 1, 2, 
0, 1, 2, 1, 0, 1, 0, 0, 3, 3, 0, 1, 1, 2, 5, 4, 3, 6, 7, 7, 4, 1, 0, 0, 0, 0, 0, 0, 1, 4, 1, 0, 0, 0, 0, 
0, 3, 3, 3, 0, 1, 0, 0, 0, 3, 4, 5, 2, 1, 4, 1, 4, 3, 6, 7, 6, 6, 6, 3, 0, 3, 6, 6, 6, 7, 6, 6, 3, 3, 3, 
0, 3, 6, 6, 7, 4, 3, 6, 6, 7, 6, 3, 0, 3, 0, 0, 1, 1, 1, 0, 0, 0, 0, 1, 1, 0, 1, 1, 2, 5, 8, 5, 4, 3, 0, 
0, 0, 1, 2, 1, 1, 4, 3, 4, 1, 1, 4, 3, 6, 6, 6, 6, 7, 4, 3, 0, 3, 0, 1, 1, 4, 7, 8, 8, 5, 8, 5, 5, 5, 5, 
0, 3, 4, 5, 4, 3, 6, 3, 0, 0, 1, 0, 0, 3, 0, 3, 0, 1, 2, 2, 2, 2, 2, 2, 5, 4, 1, 0, 3, 4, 1, 4, 1, 0, 0, 
0, 3, 6, 3, 0, 3, 3, 3, 4, 1, 0, 1, 0, 0, 0, 0, 0, 1, 1, 2, 2, 2, 2, 5, 2, 2, 2, 2, 2, 2, 2, 5, 8, 7, 7, 
0, 1, 1, 1, 4, 1, 0, 0, 0, 3, 0, 1, 4, 1, 0, 3, 3, 0, 1, 2, 2, 5, 4, 7, 6, 6, 7, 6, 6, 6, 7, 4, 7, 4, 5, 
0, 0, 0, 0, 0, 0, 1, 0, 0, 0, 0, 0, 3, 3, 3, 3, 3, 3, 3, 3, 6, 3, 3, 0, 3, 6, 6, 3, 3, 0, 0, 3, 6, 3, 0, 
0, 3, 3, 3, 3, 6, 3, 3, 4, 5, 2, 5, 8, 8, 7, 8, 7, 6, 6, 6, 6, 6, 3, 4, 3, 6, 7, 8, 8, 8, 7, 6, 3, 3, 4, 
0, 1, 2, 1, 2, 5, 4, 3, 4, 1, 2, 2, 1, 2, 2, 2, 1, 4, 3, 4, 1, 4, 1, 2, 2, 1, 1, 1, 2, 2, 1, 1, 2, 5, 4, 
0, 1, 4, 7, 8, 8, 5, 8, 8, 8, 7, 6, 6, 6, 7, 7, 8, 8, 8, 8, 5, 4, 7, 6, 6, 7, 4, 1, 0, 0, 0, 0, 3, 6, 7, 
0, 1, 4, 7, 4, 3, 3, 3, 6, 7, 6, 7, 7, 7, 6, 6, 6, 3, 6, 7, 6, 6, 6, 6, 7, 6, 3, 4, 5, 5, 5, 4, 1, 1, 2, 
0, 3, 6, 7, 7, 4, 3, 3, 6, 6, 3, 3, 0, 0, 0, 0, 0, 0, 0, 0, 0, 0, 3, 0, 0, 3, 6, 6, 6, 6, 6, 6, 6, 6, 7, 
0, 0, 0, 1, 4, 5, 5, 2, 1, 2, 2, 1, 2, 2, 2, 2, 2, 2, 2, 5, 8, 5, 4, 1, 4, 7, 8, 7, 8, 8, 8, 8, 5, 2, 2, 
0, 0, 1, 4, 5, 4, 7, 4, 1, 1, 1, 1, 0, 0, 0, 0, 0, 3, 0, 0, 3, 3, 4, 5, 8, 8, 5, 2, 2, 2, 2, 1, 4, 1, 4, 
0, 1, 2, 5, 4, 1, 2, 2, 2, 5, 5, 2, 2, 2, 2, 2, 5, 2, 1, 2, 2, 5, 8, 8, 8, 8, 5, 8, 5, 4, 7, 8, 5, 2, 1, 
0, 3, 6, 6, 7, 4, 3, 0, 3, 0, 0, 1, 1, 0, 1, 2, 2, 2, 1, 0, 1, 4, 1, 2, 1, 0, 0, 3, 3, 0, 0, 3, 3, 0, 0, 
0, 0, 0, 0, 0, 3, 4, 5, 8, 8, 8, 7, 8, 8, 7, 6, 7, 7, 4, 7, 7, 7, 7, 6, 6, 7, 4, 3, 4, 1, 4, 7, 6, 6, 6, 
0, 1, 0, 1, 1, 1, 1, 1, 4, 3, 6, 6, 7, 7, 8, 8, 7, 7, 6, 3, 3, 6, 7, 4, 7, 4, 7, 6, 3, 0, 0, 0, 3, 6, 6, 
0, 3, 4, 1, 2, 2, 2, 1, 0, 0, 3, 3, 0, 0, 3, 0, 0, 1, 2, 5, 5, 8, 8, 8, 8, 7, 8, 8, 7, 4, 3, 3, 3, 6, 6, 
0, 0, 3, 3, 0, 3, 4, 3, 6, 6, 7, 6, 3, 0, 0, 0, 1, 0, 0, 0, 1, 0, 0, 1, 2, 2, 1, 4, 3, 3, 0, 3, 6, 6, 6, 
0, 0, 0, 0, 0, 3, 0, 1, 4, 1, 4, 1, 1, 2, 2, 2, 1, 4, 5, 2, 5, 8, 8, 5, 4, 7, 8, 8, 8, 7, 8, 8, 7, 6, 6, 
0, 3, 3, 0, 0, 0, 0, 3, 0, 0, 0, 1, 1, 1, 1, 4, 3, 6, 6, 7, 4, 5, 2, 5, 2, 1, 0, 1, 4, 5, 5, 2, 2, 2, 1, 
0, 1, 1, 4, 3, 3, 6, 7, 6, 6, 6, 6, 6, 6, 6, 6, 6, 3, 4, 7, 6, 6, 7, 6, 7, 7, 4, 7, 7, 8, 8, 5, 2, 2, 1, 
0, 1, 0, 3, 4, 3, 3, 6, 7, 6, 6, 7, 8, 5, 2, 2, 2, 2, 2, 2, 5, 8, 8, 8, 7, 6, 6, 7, 4, 1, 4, 1, 4, 1, 0, 
0, 3, 6, 3, 3, 6, 7, 7, 6, 6, 6, 7, 6, 3, 4, 7, 6, 7, 6, 3, 3, 4, 1, 1, 4, 1, 2, 1, 4, 3, 6, 6, 3, 3, 0, 
0, 0, 0, 1, 1, 4, 7, 7, 8, 7, 6, 6, 3, 3, 3, 6, 7, 7, 4, 3, 3, 4, 1, 1, 0, 0, 0, 1, 2, 5, 4, 1, 0, 0, 0, 
0, 3, 6, 6, 6, 7, 8, 8, 8, 5, 4, 7, 7, 8, 8, 8, 8, 8, 5, 5, 4, 3, 4, 7, 8, 5, 5, 8, 5, 2, 5, 2, 5, 4, 1, 
0, 1, 2, 5, 4, 1, 1, 1, 2, 2, 5, 8, 8, 8, 8, 8, 5, 4, 5, 8, 8, 8, 7, 7, 6, 6, 3, 6, 6, 7, 7, 8, 5, 4, 3, 
0, 1, 0, 3, 4, 3, 4, 7, 6, 6, 3, 4, 1, 1, 2, 1, 4, 5, 2, 2, 2, 5, 8, 5, 5, 2, 1, 2, 2, 2, 2, 1, 2, 2, 1, 
0, 1, 4, 1, 1, 1, 4, 7, 4, 1, 1, 1, 2, 2, 2, 5, 2, 1, 0, 0, 1, 0, 1, 0, 0, 0, 0, 1, 1, 0, 0, 0, 1, 2, 2, 
HMM training commence
Initialising estimates
Training commenced
Iteration 0: loglik = 20544.049798094, change = 20544.049798094
Iteration 1: loglik = 0.445514780, change = 0.445514780
Iteration 2: loglik = 0.000000000, change = 0.000000000
Final estimates
P = 
0.519881 0.246884 0.000000 0.233234 0.000000 0.000000 0.000000 0.000000 0.000000 
0.236667 0.250000 0.250000 0.000000 0.263333 0.000000 0.000000 0.000000 0.000000 
0.000000 0.251553 0.514493 0.000000 0.000000 0.233954 0.000000 0.000000 0.000000 
0.247764 0.000000 0.000000 0.253131 0.258497 0.000000 0.240608 0.000000 0.000000 
0.000000 0.277778 0.000000 0.240079 0.000000 0.233135 0.000000 0.249008 0.000000 
0.000000 0.000000 0.243757 0.000000 0.265161 0.240190 0.000000 0.000000 0.250892 
0.000000 0.000000 0.000000 0.242553 0.000000 0.000000 0.534043 0.223404 0.000000 
0.000000 0.000000 0.000000 0.000000 0.249089 0.000000 0.244228 0.256379 0.250304 
0.000000 0.000000 0.000000 0.000000 0.000000 0.269181 0.000000 0.240572 0.490247 
E = 
1.000000 0.000000 0.000000 0.000000 0.000000 0.000000 0.000000 0.000000 0.000000 
0.000000 1.000000 0.000000 0.000000 0.000000 0.000000 0.000000 0.000000 0.000000 
0.000000 0.000000 1.000000 0.000000 0.000000 0.000000 0.000000 0.000000 0.000000 
0.000000 0.000000 0.000000 1.000000 0.000000 0.000000 0.000000 0.000000 0.000000 
0.000000 0.000000 0.000000 0.000000 1.000000 0.000000 0.000000 0.000000 0.000000 
0.000000 0.000000 0.0Benchmarking gridworld 3
Calculating Product MC
DFA states: 3
init_P_est: 1.000000
Initializing HMM
tol: 0.000001
N: 27
M: 18
n: 34
sequences: 275
maxIt: 25000
tol: 0.000001
Reading from file: spatial_MDP_est.txt
P = 
0.244681 0.122340 0.021277 0.122340 0.021277 0.021277 0.021277 0.021277 0.021277 0.021277 0.021277 0.021277 0.021277 0.021277 0.021277 0.021277 0.021277 0.021277 0.021277 0.021277 0.021277 0.021277 0.021277 0.021277 0.021277 0.021277 0.021277 
0.125000 0.125000 0.125000 0.021739 0.125000 0.021739 0.021739 0.021739 0.021739 0.021739 0.021739 0.021739 0.021739 0.021739 0.021739 0.021739 0.021739 0.021739 0.021739 0.021739 0.021739 0.021739 0.021739 0.021739 0.021739 0.021739 0.021739 
0.021277 0.122340 0.244681 0.021277 0.021277 0.122340 0.021277 0.021277 0.021277 0.021277 0.021277 0.021277 0.021277 0.021277 0.021277 0.021277 0.021277 0.021277 0.021277 0.021277 0.021277 0.021277 0.021277 0.021277 0.021277 0.021277 0.021277 
0.125000 0.021739 0.021739 0.125000 0.125000 0.021739 0.125000 0.021739 0.021739 0.021739 0.021739 0.021739 0.021739 0.021739 0.021739 0.021739 0.021739 0.021739 0.021739 0.021739 0.021739 0.021739 0.021739 0.021739 0.021739 0.021739 0.021739 
0.021739 0.125000 0.021739 0.125000 0.021739 0.125000 0.021739 0.125000 0.021739 0.021739 0.021739 0.021739 0.021739 0.021739 0.021739 0.021739 0.021739 0.021739 0.021739 0.021739 0.021739 0.021739 0.021739 0.021739 0.021739 0.021739 0.021739 
0.021739 0.021739 0.125000 0.021739 0.125000 0.125000 0.021739 0.021739 0.125000 0.021739 0.021739 0.021739 0.021739 0.021739 0.021739 0.021739 0.021739 0.021739 0.021739 0.021739 0.021739 0.021739 0.021739 0.021739 0.021739 0.021739 0.021739 
0.021277 0.021277 0.021277 0.122340 0.021277 0.021277 0.244681 0.122340 0.021277 0.021277 0.021277 0.021277 0.021277 0.021277 0.021277 0.021277 0.021277 0.021277 0.021277 0.021277 0.021277 0.021277 0.021277 0.021277 0.021277 0.021277 0.021277 
0.021739 0.021739 0.021739 0.021739 0.125000 0.021739 0.125000 0.125000 0.125000 0.021739 0.021739 0.021739 0.021739 0.021739 0.021739 0.021739 0.021739 0.021739 0.021739 0.021739 0.021739 0.021739 0.021739 0.021739 0.021739 0.021739 0.021739 
0.021277 0.021277 0.021277 0.021277 0.021277 0.122340 0.021277 0.122340 0.244681 0.021277 0.021277 0.021277 0.021277 0.021277 0.021277 0.021277 0.021277 0.021277 0.021277 0.021277 0.021277 0.021277 0.021277 0.021277 0.021277 0.021277 0.021277 
0.021277 0.021277 0.021277 0.021277 0.021277 0.021277 0.021277 0.021277 0.021277 0.244681 0.122340 0.021277 0.122340 0.021277 0.021277 0.021277 0.021277 0.021277 0.021277 0.021277 0.021277 0.021277 0.021277 0.021277 0.021277 0.021277 0.021277 
0.021739 0.021739 0.021739 0.021739 0.021739 0.021739 0.021739 0.021739 0.021739 0.125000 0.125000 0.125000 0.021739 0.125000 0.021739 0.021739 0.021739 0.021739 0.021739 0.021739 0.021739 0.021739 0.021739 0.021739 0.021739 0.021739 0.021739 
0.021277 0.021277 0.021277 0.021277 0.021277 0.021277 0.021277 0.021277 0.021277 0.021277 0.122340 0.244681 0.021277 0.021277 0.122340 0.021277 0.021277 0.021277 0.021277 0.021277 0.021277 0.021277 0.021277 0.021277 0.021277 0.021277 0.021277 
0.021739 0.021739 0.021739 0.021739 0.021739 0.021739 0.021739 0.021739 0.021739 0.125000 0.021739 0.021739 0.125000 0.125000 0.021739 0.125000 0.021739 0.021739 0.021739 0.021739 0.021739 0.021739 0.021739 0.021739 0.021739 0.021739 0.021739 
0.021739 0.021739 0.021739 0.021739 0.021739 0.021739 0.021739 0.021739 0.021739 0.021739 0.125000 0.021739 0.125000 0.021739 0.125000 0.021739 0.125000 0.021739 0.021739 0.021739 0.021739 0.021739 0.021739 0.021739 0.021739 0.021739 0.021739 
0.021739 0.021739 0.021739 0.021739 0.021739 0.021739 0.021739 0.021739 0.021739 0.021739 0.021739 0.125000 0.021739 0.125000 0.125000 0.021739 0.021739 0.125000 0.021739 0.021739 0.021739 0.021739 0.021739 0.021739 0.021739 0.021739 0.021739 
0.021277 0.021277 0.021277 0.021277 0.021277 0.021277 0.021277 0.021277 0.021277 0.021277 0.021277 0.021277 0.122340 0.021277 0.021277 0.244681 0.122340 0.021277 0.021277 0.021277 0.021277 0.021277 0.021277 0.021277 0.021277 0.021277 0.021277 
0.021739 0.021739 0.021739 0.021739 0.021739 0.021739 0.021739 0.021739 0.021739 0.021739 0.021739 0.021739 0.021739 0.125000 0.021739 0.125000 0.125000 0.125000 0.021739 0.021739 0.021739 0.021739 0.021739 0.021739 0.021739 0.021739 0.021739 
0.021277 0.021277 0.021277 0.021277 0.021277 0.021277 0.021277 0.021277 0.021277 0.021277 0.021277 0.021277 0.021277 0.021277 0.122340 0.021277 0.122340 0.244681 0.021277 0.021277 0.021277 0.021277 0.021277 0.021277 0.021277 0.021277 0.021277 
0.021277 0.021277 0.021277 0.021277 0.021277 0.021277 0.021277 0.021277 0.021277 0.021277 0.021277 0.021277 0.021277 0.021277 0.021277 0.021277 0.021277 0.021277 0.244681 0.122340 0.021277 0.122340 0.021277 0.021277 0.021277 0.021277 0.021277 
0.021739 0.021739 0.021739 0.021739 0.021739 0.021739 0.021739 0.021739 0.021739 0.021739 0.021739 0.021739 0.021739 0.021739 0.021739 0.021739 0.021739 0.021739 0.125000 0.125000 0.125000 0.021739 0.125000 0.021739 0.021739 0.021739 0.021739 
0.021277 0.021277 0.021277 0.021277 0.021277 0.021277 0.021277 0.021277 0.021277 0.021277 0.021277 0.021277 0.021277 0.021277 0.021277 0.021277 0.021277 0.021277 0.021277 0.122340 0.244681 0.021277 0.021277 0.122340 0.021277 0.021277 0.021277 
0.021739 0.021739 0.021739 0.021739 0.021739 0.021739 0.021739 0.021739 0.021739 0.021739 0.021739 0.021739 0.021739 0.021739 0.021739 0.021739 0.021739 0.021739 0.125000 0.021739 0.021739 0.125000 0.125000 0.021739 0.125000 0.021739 0.021739 
0.021739 0.021739 0.021739 0.021739 0.021739 0.021739 0.021739 0.021739 0.021739 0.021739 0.021739 0.021739 0.021739 0.021739 0.021739 0.021739 0.021739 0.021739 0.021739 0.125000 0.021739 0.125000 0.021739 0.125000 0.021739 0.125000 0.021739 
0.021739 0.021739 0.021739 0.021739 0.021739 0.021739 0.021739 0.021739 0.021739 0.021739 0.021739 0.021739 0.021739 0.021739 0.021739 0.021739 0.021739 0.021739 0.021739 0.021739 0.125000 0.021739 0.125000 0.125000 0.021739 0.021739 0.125000 
0.021277 0.021277 0.021277 0.021277 0.021277 0.021277 0.021277 0.021277 0.021277 0.021277 0.021277 0.021277 0.021277 0.021277 0.021277 0.021277 0.021277 0.021277 0.021277 0.021277 0.021277 0.122340 0.021277 0.021277 0.244681 0.122340 0.021277 
0.021739 0.021739 0.021739 0.021739 0.021739 0.021739 0.021739 0.021739 0.021739 0.021739 0.021739 0.021739 0.021739 0.021739 0.021739 0.021739 0.021739 0.021739 0.021739 0.021739 0.021739 0.021739 0.125000 0.021739 0.125000 0.125000 0.125000 
0.021277 0.021277 0.021277 0.021277 0.021277 0.021277 0.021277 0.021277 0.021277 0.021277 0.021277 0.021277 0.021277 0.021277 0.021277 0.021277 0.021277 0.021277 0.021277 0.021277 0.021277 0.021277 0.021277 0.122340 0.021277 0.122340 0.244681 
E = 
1.000000 0.000000 0.000000 0.000000 0.000000 0.000000 0.000000 0.000000 0.000000 0.000000 0.000000 0.000000 0.000000 0.000000 0.000000 0.000000 0.000000 0.000000 
0.000000 1.000000 0.000000 0.000000 0.000000 0.000000 0.000000 0.000000 0.000000 0.000000 0.000000 0.000000 0.000000 0.000000 0.000000 0.000000 0.000000 0.000000 
0.000000 0.000000 1.000000 0.000000 0.000000 0.000000 0.000000 0.000000 0.000000 0.000000 0.000000 0.000000 0.000000 0.000000 0.000000 0.000000 0.000000 0.000000 
0.000000 0.000000 0.000000 1.000000 0.000000 0.000000 0.000000 0.000000 0.000000 0.000000 0.000000 0.000000 0.000000 0.000000 0.000000 0.000000 0.000000 0.000000 
0.000000 0.000000 0.000000 0.000000 1.000000 0.000000 0.000000 0.000000 0.000000 0.000000 0.000000 0.000000 0.000000 0.000000 0.000000 0.000000 0.000000 0.000000 
0.000000 0.000000 0.000000 0.000000 0.000000 1.000000 0.000000 0.000000 0.000000 0.000000 0.000000 0.000000 0.000000 0.000000 0.000000 0.000000 0.000000 0.000000 
0.000000 0.000000 0.000000 0.000000 0.000000 0.000000 1.000000 0.000000 0.000000 0.000000 0.000000 0.000000 0.000000 0.000000 0.000000 0.000000 0.000000 0.000000 
0.000000 0.000000 0.000000 0.000000 0.000000 0.000000 0.000000 1.000000 0.000000 0.000000 0.000000 0.000000 0.000000 0.000000 0.000000 0.000000 0.000000 0.000000 
0.000000 0.000000 0.000000 0.000000 0.000000 0.000000 0.000000 0.000000 1.000000 0.000000 0.000000 0.000000 0.000000 0.000000 0.000000 0.000000 0.000000 0.000000 
1.000000 0.000000 0.000000 0.000000 0.000000 0.000000 0.000000 0.000000 0.000000 0.000000 0.000000 0.000000 0.000000 0.000000 0.000000 0.000000 0.000000 0.000000 
0.000000 1.000000 0.000000 0.000000 0.000000 0.000000 0.000000 0.000000 0.000000 0.000000 0.000000 0.000000 0.000000 0.000000 0.000000 0.000000 0.000000 0.000000 
0.000000 0.000000 1.000000 0.000000 0.000000 0.000000 0.000000 0.000000 0.000000 0.000000 0.000000 0.000000 0.000000 0.000000 0.000000 0.000000 0.000000 0.000000 
0.000000 0.000000 0.000000 1.000000 0.000000 0.000000 0.000000 0.000000 0.000000 0.000000 0.000000 0.000000 0.000000 0.000000 0.000000 0.000000 0.000000 0.000000 
0.000000 0.000000 0.000000 0.000000 1.000000 0.000000 0.000000 0.000000 0.000000 0.000000 0.000000 0.000000 0.000000 0.000000 0.000000 0.000000 0.000000 0.000000 
0.000000 0.000000 0.000000 0.000000 0.000000 1.000000 0.000000 0.000000 0.000000 0.000000 0.000000 0.000000 0.000000 0.000000 0.000000 0.000000 0.000000 0.000000 
0.000000 0.000000 0.000000 0.000000 0.000000 0.000000 1.000000 0.000000 0.000000 0.000000 0.000000 0.000000 0.000000 0.000000 0.000000 0.000000 0.000000 0.000000 
0.000000 0.000000 0.000000 0.000000 0.000000 0.000000 0.000000 1.000000 0.000000 0.000000 0.000000 0.000000 0.000000 0.000000 0.000000 0.000000 0.000000 0.000000 
0.000000 0.000000 0.000000 0.000000 0.000000 0.000000 0.000000 0.000000 1.000000 0.000000 0.000000 0.000000 0.000000 0.000000 0.000000 0.000000 0.000000 0.000000 
0.000000 0.000000 0.000000 0.000000 0.000000 0.000000 0.000000 0.000000 0.000000 1.000000 0.000000 0.000000 0.000000 0.000000 0.000000 0.000000 0.000000 0.000000 
0.000000 0.000000 0.000000 0.000000 0.000000 0.000000 0.000000 0.000000 0.000000 0.000000 1.000000 0.000000 0.000000 0.000000 0.000000 0.000000 0.000000 0.000000 
0.000000 0.000000 0.000000 0.000000 0.000000 0.000000 0.000000 0.000000 0.000000 0.000000 0.000000 1.000000 0.000000 0.000000 0.000000 0.000000 0.000000 0.000000 
0.000000 0.000000 0.000000 0.000000 0.000000 0.000000 0.000000 0.000000 0.000000 0.000000 0.000000 0.000000 1.000000 0.000000 0.000000 0.000000 0.000000 0.000000 
0.000000 0.000000 0.000000 0.000000 0.000000 0.000000 0.000000 0.000000 0.000000 0.000000 0.000000 0.000000 0.000000 1.000000 0.000000 0.000000 0.000000 0.000000 
0.000000 0.000000 0.000000 0.000000 0.000000 0.000000 0.000000 0.000000 0.000000 0.000000 0.000000 0.000000 0.000000 0.000000 1.000000 0.000000 0.000000 0.000000 
0.000000 0.000000 0.000000 0.000000 0.000000 0.000000 0.000000 0.000000 0.000000 0.000000 0.000000 0.000000 0.000000 0.000000 0.000000 1.000000 0.000000 0.000000 
0.000000 0.000000 0.000000 0.000000 0.000000 0.000000 0.000000 0.000000 0.000000 0.000000 0.000000 0.000000 0.000000 0.000000 0.000000 0.000000 1.000000 0.000000 
0.000000 0.000000 0.000000 0.000000 0.000000 0.000000 0.000000 0.000000 0.000000 0.000000 0.000000 0.000000 0.000000 0.000000 0.000000 0.000000 0.000000 1.000000 
Running Baum-Welch algorithm
Win rate: 0.487273
y_m:
0, 3, 6, 7, 6, 6, 6, 6, 7, 7, 4, 1, 0, 0, 0, 3, 4, 5, 8, 7, 6, 6, 6, 6, 7, 4, 5, 4, 7, 4, 3, 0, 3, 3, 3, 
0, 1, 4, 3, 6, 6, 6, 6, 6, 7, 4, 3, 6, 6, 6, 6, 6, 6, 7, 4, 5, 8, 8, 7, 4, 5, 4, 1, 1, 2, 2, 2, 2, 2, 1, 
0, 0, 0, 0, 0, 0, 3, 4, 5, 4, 5, 4, 3, 4, 1, 2, 5, 8, 16, 13, 14, 11, 14, 13, 14, 14, 14, 13, 14, 14, 11, 14, 17, 17, 17, 
0, 1, 0, 3, 4, 5, 8, 7, 4, 1, 4, 3, 4, 3, 6, 6, 6, 6, 7, 7, 6, 6, 6, 6, 6, 6, 6, 6, 6, 7, 7, 7, 6, 6, 3, 
0, 1, 4, 7, 6, 7, 8, 5, 2, 5, 2, 2, 5, 8, 16, 15, 16, 15, 12, 15, 15, 15, 12, 13, 14, 17, 14, 13, 10, 10, 13, 16, 15, 15, 15, 
0, 0, 0, 0, 0, 0, 1, 4, 3, 6, 6, 6, 7, 4, 5, 2, 5, 4, 16, 15, 16, 13, 16, 13, 16, 13, 12, 15, 12, 12, 13, 10, 11, 11, 11, 
0, 0, 1, 4, 1, 0, 3, 3, 6, 6, 6, 6, 6, 6, 6, 3, 0, 3, 0, 0, 0, 1, 4, 3, 3, 3, 4, 5, 8, 8, 8, 8, 8, 7, 8, 
0, 0, 0, 0, 1, 0, 0, 1, 0, 1, 4, 7, 4, 7, 8, 7, 8, 8, 5, 8, 7, 8, 8, 8, 8, 8, 8, 8, 7, 6, 7, 8, 7, 7, 7, 
0, 1, 4, 7, 4, 5, 2, 2, 1, 0, 0, 1, 2, 2, 1, 2, 1, 2, 2, 2, 5, 8, 8, 5, 8, 16, 13, 16, 17, 17, 16, 16, 16, 15, 15, 
0, 0, 3, 3, 4, 5, 4, 5, 4, 1, 4, 7, 4, 3, 4, 1, 2, 5, 4, 16, 17, 17, 14, 11, 11, 10, 13, 10, 10, 13, 14, 13, 12, 9, 10, 
0, 0, 3, 3, 0, 0, 1, 2, 2, 5, 5, 8, 16, 17, 17, 14, 11, 11, 14, 11, 11, 11, 11, 14, 14, 14, 13, 14, 17, 14, 13, 14, 13, 14, 11, 
0, 0, 0, 3, 3, 4, 3, 0, 3, 4, 7, 6, 3, 0, 0, 3, 3, 0, 3, 0, 1, 0, 3, 3, 6, 6, 6, 3, 6, 6, 7, 7, 4, 7, 8, 
0, 0, 0, 1, 4, 1, 0, 0, 1, 4, 3, 6, 3, 3, 3, 3, 0, 0, 0, 3, 6, 3, 4, 7, 6, 6, 6, 7, 8, 8, 7, 8, 8, 8, 8, 
0, 1, 4, 5, 2, 1, 0, 3, 0, 0, 3, 3, 0, 1, 0, 3, 0, 1, 4, 5, 8, 16, 16, 17, 16, 17, 14, 13, 14, 13, 14, 17, 16, 15, 15, 
0, 3, 6, 6, 6, 3, 3, 4, 3, 6, 6, 3, 3, 4, 1, 2, 1, 0, 1, 1, 4, 3, 6, 6, 6, 6, 6, 6, 6, 6, 3, 0, 1, 1, 0, 
0, 3, 4, 1, 1, 4, 3, 3, 4, 1, 0, 0, 0, 1, 2, 1, 4, 1, 0, 3, 0, 0, 1, 2, 5, 2, 2, 2, 5, 8, 5, 8, 16, 16, 13, 
0, 1, 4, 5, 2, 2, 5, 5, 2, 2, 1, 4, 1, 1, 2, 1, 0, 0, 1, 1, 0, 0, 0, 1, 4, 3, 0, 0, 3, 3, 4, 5, 2, 2, 2, 
0, 0, 1, 2, 2, 2, 1, 0, 0, 3, 0, 1, 2, 1, 4, 1, 2, 1, 4, 5, 2, 2, 2, 5, 8, 8, 16, 16, 16, 17, 17, 17, 17, 17, 17, 
0, 3, 4, 5, 2, 2, 1, 4, 5, 2, 1, 2, 1, 4, 5, 4, 1, 4, 3, 6, 16, 17, 17, 17, 14, 13, 12, 13, 14, 13, 12, 9, 10, 10, 9, 
0, 0, 1, 0, 3, 3, 0, 3, 4, 7, 4, 5, 8, 8, 8, 7, 6, 3, 4, 1, 0, 0, 3, 4, 3, 6, 6, 6, 6, 7, 7, 4, 5, 2, 1, 
0, 1, 1, 4, 5, 8, 8, 7, 4, 7, 7, 7, 8, 7, 7, 4, 3, 0, 0, 0, 3, 0, 0, 0, 1, 2, 2, 2, 5, 4, 3, 3, 0, 1, 4, 
0, 1, 4, 1, 2, 2, 1, 4, 5, 5, 5, 2, 2, 5, 5, 8, 8, 5, 2, 1, 1, 2, 2, 2, 5, 8, 5, 4, 1, 4, 1, 0, 0, 1, 2, 
0, 1, 0, 1, 1, 2, 2, 2, 2, 5, 4, 3, 6, 16, 13, 16, 15, 15, 15, 15, 15, 12, 15, 15, 16, 13, 16, 15, 15, 16, 17, 17, 14, 17, 14, 
0, 1, 0, 3, 4, 5, 4, 3, 3, 4, 1, 0, 0, 0, 1, 2, 1, 2, 2, 2, 2, 2, 5, 5, 5, 2, 2, 5, 4, 1, 0, 3, 4, 3, 0, 
0, 3, 6, 6, 3, 3, 3, 4, 5, 2, 2, 5, 2, 5, 4, 16, 13, 12, 9, 12, 15, 12, 13, 10, 10, 9, 12, 13, 16, 13, 14, 11, 11, 14, 13, 
0, 0, 0, 0, 0, 0, 0, 0, 1, 4, 3, 0, 0, 3, 4, 7, 8, 7, 4, 1, 0, 0, 1, 0, 1, 2, 2, 5, 2, 5, 5, 5, 5, 8, 8, 
0, 3, 0, 1, 0, 0, 0, 0, 0, 1, 0, 3, 0, 0, 1, 1, 0, 0, 1, 0, 0, 0, 0, 1, 2, 2, 2, 5, 2, 2, 2, 1, 0, 3, 0, 
0, 0, 0, 0, 0, 0, 0, 3, 3, 3, 6, 6, 6, 3, 6, 6, 3, 3, 4, 1, 2, 2, 1, 4, 5, 2, 5, 8, 5, 5, 8, 16, 15, 12, 9, 
0, 1, 1, 0, 0, 0, 0, 0, 1, 2, 5, 5, 8, 8, 16, 15, 15, 12, 15, 15, 15, 16, 17, 17, 14, 11, 10, 11, 11, 11, 11, 10, 13, 10, 11, 
0, 3, 3, 4, 7, 7, 4, 1, 2, 2, 5, 2, 1, 2, 2, 1, 1, 1, 4, 1, 2, 1, 2, 1, 0, 1, 0, 1, 0, 1, 2, 5, 5, 8, 5, 
0, 0, 3, 4, 7, 4, 5, 4, 5, 4, 5, 5, 5, 8, 5, 8, 8, 5, 8, 8, 7, 6, 7, 7, 4, 3, 3, 3, 6, 6, 6, 6, 6, 6, 7, 
0, 0, 1, 0, 0, 0, 1, 0, 0, 3, 3, 6, 7, 8, 7, 8, 8, 8, 8, 5, 8, 8, 8, 5, 4, 5, 5, 5, 8, 7, 7, 7, 4, 1, 2, 
0, 0, 1, 4, 7, 4, 5, 5, 5, 4, 7, 4, 5, 4, 7, 6, 6, 3, 6, 6, 6, 6, 6, 7, 8, 8, 7, 6, 6, 7, 4, 1, 2, 5, 8, 
0, 0, 0, 0, 3, 0, 0, 1, 2, 2, 5, 8, 8, 8, 8, 5, 2, 2, 2, 2, 5, 8, 16, 16, 16, 17, 16, 15, 15, 15, 15, 12, 9, 10, 10, 
0, 3, 0, 0, 0, 0, 3, 3, 0, 1, 4, 5, 2, 2, 2, 2, 1, 0, 0, 0, 0, 0, 3, 6, 6, 6, 6, 16, 16, 15, 12, 15, 15, 15, 15, 
0, 0, 1, 4, 3, 0, 3, 4, 5, 8, 8, 7, 6, 6, 6, 6, 3, 3, 0, 0, 0, 0, 0, 1, 0, 0, 1, 0, 3, 6, 6, 6, 3, 6, 7, 
0, 1, 2, 2, 2, 1, 4, 16, 13, 12, 15, 15, 15, 15, 16, 17, 17, 14, 13, 16, 13, 10, 10, 10, 9, 9, 9, 10, 11, 11, 11, 10, 13, 16, 17, 
0, 3, 6, 7, 8, 8, 5, 2, 1, 4, 5, 4, 5, 4, 16, 16, 15, 16, 13, 14, 11, 14, 11, 11, 11, 10, 11, 14, 17, 17, 17, 16, 17, 14, 11, 
0, 0, 1, 1, 2, 1, 4, 16, 16, 16, 13, 10, 11, 14, 17, 16, 17, 14, 13, 12, 9, 10, 11, 10, 10, 11, 14, 13, 12, 9, 9, 9, 12, 13, 10, 
0, 3, 4, 7, 8, 7, 7, 8, 8, 5, 5, 8, 8, 8, 8, 5, 8, 8, 5, 5, 2, 2, 1, 4, 3, 3, 0, 0, 0, 0, 0, 3, 0, 0, 1, 
0, 0, 0, 0, 3, 3, 0, 3, 6, 3, 3, 0, 3, 4, 7, 6, 6, 3, 3, 6, 6, 6, 3, 6, 6, 7, 7, 8, 5, 5, 5, 8, 8, 5, 4, 
0, 0, 0, 0, 0, 0, 3, 6, 6, 7, 4, 3, 3, 0, 0, 0, 0, 3, 3, 3, 0, 1, 2, 2, 1, 2, 5, 8, 5, 2, 1, 2, 2, 2, 2, 
0, 1, 1, 4, 7, 4, 5, 5, 2, 2, 1, 0, 1, 4, 3, 0, 3, 3, 6, 6, 3, 6, 6, 3, 4, 16, 13, 10, 13, 16, 13, 10, 11, 11, 11, 
0, 0, 0, 1, 1, 1, 0, 1, 1, 2, 2, 5, 5, 2, 2, 1, 4, 3, 6, 6, 6, 3, 6, 3, 3, 6, 16, 13, 16, 17, 17, 17, 17, 17, 14, 
0, 1, 4, 5, 8, 5, 8, 5, 2, 5, 5, 2, 1, 4, 3, 3, 3, 3, 6, 6, 6, 6, 6, 6, 3, 0, 0, 3, 3, 3, 3, 4, 5, 5, 2, 
0, 3, 4, 7, 4, 5, 5, 2, 5, 4, 5, 2, 2, 2, 5, 5, 2, 2, 1, 2, 2, 1, 4, 3, 4, 16, 15, 12, 15, 15, 15, 15, 16, 13, 16, 
0, 3, 0, 3, 6, 6, 7, 8, 8, 8, 8, 5, 8, 8, 8, 5, 2, 5, 8, 16, 17, 16, 13, 16, 13, 10, 13, 16, 16, 16, 15, 12, 13, 12, 15, 
0, 1, 4, 5, 5, 5, 4, 3, 4, 1, 2, 2, 2, 2, 1, 4, 1, 4, 5, 5, 2, 2, 2, 5, 4, 3, 6, 6, 3, 4, 1, 0, 3, 6, 6, 
0, 1, 4, 5, 5, 5, 5, 2, 5, 4, 3, 6, 6, 6, 3, 6, 16, 13, 14, 13, 10, 11, 11, 14, 14, 11, 11, 11, 10, 9, 9, 10, 10, 11, 11, 
0, 0, 3, 0, 0, 0, 0, 3, 3, 0, 1, 1, 0, 0, 3, 4, 3, 4, 5, 5, 8, 8, 7, 4, 1, 0, 0, 3, 4, 7, 6, 6, 3, 6, 7, 
0, 0, 0, 0, 0, 0, 1, 0, 3, 3, 3, 0, 1, 4, 1, 1, 2, 2, 5, 4, 3, 6, 16, 13, 10, 11, 11, 10, 11, 14, 11, 14, 13, 16, 15, 
0, 0, 3, 6, 6, 7, 6, 7, 6, 3, 6, 6, 6, 7, 8, 8, 8, 8, 8, 8, 8, 8, 8, 7, 7, 4, 5, 5, 4, 7, 8, 8, 5, 8, 8, 
0, 0, 0, 0, 0, 0, 0, 1, 0, 3, 0, 0, 0, 3, 0, 0, 0, 3, 3, 0, 1, 2, 5, 5, 4, 3, 0, 3, 3, 0, 0, 0, 0, 3, 3, 
0, 0, 1, 0, 1, 4, 3, 6, 6, 3, 3, 4, 7, 6, 6, 6, 6, 6, 7, 7, 6, 6, 6, 6, 7, 8, 8, 5, 5, 2, 5, 4, 3, 3, 4, 
0, 1, 1, 2, 2, 5, 5, 8, 5, 2, 2, 1, 1, 2, 2, 2, 5, 2, 5, 2, 1, 4, 5, 4, 5, 2, 2, 2, 2, 1, 4, 1, 1, 0, 0, 
0, 0, 0, 0, 0, 3, 0, 0, 0, 3, 3, 6, 6, 3, 0, 3, 4, 7, 8, 7, 8, 5, 4, 1, 4, 1, 2, 2, 1, 1, 2, 2, 5, 5, 4, 
0, 3, 6, 3, 0, 0, 3, 6, 6, 3, 4, 5, 2, 2, 2, 2, 5, 4, 5, 5, 4, 5, 8, 5, 5, 8, 16, 15, 16, 17, 17, 17, 17, 16, 15, 
0, 0, 1, 0, 0, 3, 6, 3, 0, 1, 1, 1, 2, 5, 8, 5, 4, 16, 13, 14, 13, 14, 11, 10, 9, 9, 9, 12, 13, 16, 13, 14, 13, 14, 14, 
0, 0, 0, 0, 0, 1, 0, 0, 0, 0, 3, 3, 0, 1, 1, 1, 0, 0, 0, 0, 1, 1, 4, 7, 7, 7, 7, 6, 7, 6, 3, 0, 0, 3, 4, 
0, 0, 3, 4, 3, 0, 0, 0, 3, 3, 4, 7, 7, 4, 3, 3, 0, 3, 3, 3, 3, 4, 5, 4, 7, 4, 3, 3, 3, 4, 3, 4, 5, 8, 7, 
0, 0, 3, 0, 0, 3, 4, 3, 0, 1, 0, 0, 0, 0, 0, 1, 0, 0, 0, 0, 0, 0, 0, 3, 0, 3, 6, 7, 6, 7, 4, 1, 2, 1, 1, 
0, 0, 0, 3, 0, 3, 0, 1, 4, 7, 6, 6, 6, 6, 6, 6, 6, 7, 7, 8, 7, 4, 3, 0, 0, 3, 6, 3, 0, 1, 4, 1, 0, 1, 2, 
0, 1, 1, 4, 5, 8, 8, 7, 4, 5, 5, 4, 3, 0, 0, 1, 1, 0, 0, 0, 0, 0, 1, 1, 1, 0, 0, 1, 4, 3, 4, 7, 6, 6, 7, 
0, 0, 3, 0, 0, 0, 0, 0, 0, 3, 4, 3, 3, 3, 3, 6, 7, 6, 6, 6, 6, 7, 6, 3, 6, 3, 4, 1, 2, 2, 2, 2, 2, 1, 1, 
0, 0, 0, 3, 0, 0, 0, 3, 0, 3, 3, 3, 4, 1, 0, 1, 2, 2, 2, 2, 2, 5, 2, 2, 2, 2, 2, 1, 4, 1, 2, 2, 2, 5, 2, 
0, 3, 6, 6, 6, 6, 6, 6, 6, 3, 4, 5, 4, 7, 4, 5, 4, 7, 4, 3, 0, 1, 1, 1, 1, 4, 7, 6, 6, 6, 3, 6, 6, 6, 3, 
0, 3, 3, 4, 5, 4, 3, 0, 3, 0, 3, 6, 6, 3, 4, 1, 1, 0, 3, 6, 6, 6, 6, 6, 3, 0, 3, 6, 7, 4, 5, 5, 5, 4, 1, 
0, 1, 2, 5, 8, 5, 5, 8, 5, 8, 8, 8, 8, 8, 5, 8, 16, 17, 17, 14, 17, 16, 15, 15, 16, 15, 15, 12, 13, 12, 13, 10, 11, 10, 11, 
0, 1, 4, 3, 0, 1, 2, 5, 2, 1, 4, 5, 5, 8, 8, 8, 5, 2, 2, 5, 2, 2, 5, 4, 3, 6, 16, 16, 13, 10, 10, 10, 9, 9, 12, 
0, 0, 3, 6, 6, 7, 7, 4, 1, 0, 0, 0, 3, 4, 7, 6, 6, 6, 6, 3, 6, 6, 6, 7, 4, 1, 0, 0, 0, 3, 0, 3, 6, 7, 8, 
0, 0, 3, 0, 0, 0, 3, 4, 1, 2, 2, 2, 1, 4, 3, 4, 5, 2, 1, 0, 0, 1, 0, 0, 0, 1, 0, 0, 3, 3, 6, 16, 16, 13, 12, 
0, 0, 1, 2, 1, 4, 3, 6, 3, 6, 3, 4, 3, 3, 3, 4, 3, 3, 4, 16, 15, 12, 9, 9, 9, 9, 9, 12, 13, 14, 14, 17, 14, 11, 11, 
0, 1, 1, 1, 2, 5, 5, 2, 2, 2, 1, 4, 3, 4, 16, 13, 14, 17, 17, 17, 17, 17, 17, 16, 16, 16, 17, 17, 16, 16, 13, 12, 13, 14, 14, 
0, 3, 4, 5, 2, 1, 4, 3, 3, 6, 3, 0, 0, 3, 4, 1, 2, 2, 1, 1, 0, 1, 0, 1, 4, 3, 4, 1, 4, 5, 4, 5, 4, 1, 2, 
0, 1, 2, 5, 2, 2, 5, 2, 1, 1, 1, 1, 2, 2, 2, 2, 2, 2, 2, 1, 4, 5, 5, 2, 5, 5, 5, 8, 5, 5, 4, 3, 4, 16, 15, 
0, 0, 1, 2, 2, 5, 8, 16, 15, 16, 13, 16, 17, 14, 13, 12, 15, 12, 15, 15, 12, 9, 12, 13, 12, 13, 10, 9, 12, 12, 12, 15, 15, 16, 17, 
0, 3, 0, 3, 4, 3, 6, 6, 7, 8, 5, 2, 5, 5, 4, 16, 13, 10, 10, 10, 10, 9, 9, 9, 10, 11, 11, 10, 13, 10, 10, 10, 10, 13, 14, 
0, 1, 1, 1, 4, 1, 0, 3, 0, 0, 0, 0, 0, 0, 3, 3, 4, 3, 6, 6, 6, 6, 6, 6, 7, 4, 5, 8, 8, 8, 5, 4, 1, 2, 2, 
0, 1, 2, 5, 2, 2, 2, 1, 1, 1, 2, 2, 5, 5, 2, 5, 5, 4, 16, 13, 16, 17, 17, 17, 17, 17, 14, 11, 10, 13, 10, 11, 11, 11, 10, 
0, 0, 0, 1, 2, 1, 2, 1, 2, 2, 5, 8, 8, 5, 2, 1, 2, 2, 1, 0, 0, 3, 3, 6, 16, 15, 15, 12, 13, 14, 11, 10, 13, 14, 13, 
0, 0, 3, 0, 3, 0, 3, 4, 7, 8, 5, 4, 1, 2, 5, 2, 1, 0, 0, 0, 0, 3, 4, 3, 3, 4, 16, 16, 17, 14, 17, 17, 16, 17, 16, 
0, 3, 0, 0, 0, 0, 1, 0, 1, 1, 1, 1, 4, 1, 1, 2, 5, 8, 8, 8, 8, 8, 8, 8, 16, 16, 15, 15, 12, 12, 15, 15, 12, 15, 15, 
0, 1, 0, 1, 0, 3, 0, 0, 0, 3, 6, 3, 3, 3, 6, 3, 4, 7, 8, 7, 8, 5, 8, 8, 7, 6, 6, 6, 3, 4, 3, 3, 0, 1, 0, 
0, 0, 0, 0, 1, 0, 1, 2, 1, 1, 4, 5, 5, 8, 8, 16, 17, 17, 16, 15, 12, 13, 16, 13, 12, 12, 13, 10, 13, 16, 17, 17, 17, 17, 17, 
0, 0, 1, 1, 4, 5, 2, 1, 4, 5, 4, 1, 2, 5, 8, 16, 13, 10, 13, 12, 15, 15, 12, 12, 13, 10, 11, 10, 10, 13, 10, 11, 14, 11, 10, 
0, 0, 1, 2, 5, 2, 1, 1, 1, 1, 2, 1, 0, 3, 4, 5, 4, 16, 15, 12, 13, 12, 9, 10, 10, 10, 9, 12, 9, 9, 12, 12, 15, 15, 16, 
0, 0, 1, 0, 1, 0, 3, 0, 3, 0, 3, 4, 5, 2, 2, 2, 5, 5, 8, 5, 5, 4, 16, 15, 15, 15, 12, 15, 15, 12, 15, 15, 16, 13, 14, 
0, 0, 1, 4, 1, 0, 1, 2, 1, 0, 0, 3, 0, 0, 3, 4, 5, 8, 8, 8, 8, 8, 8, 8, 8, 8, 5, 2, 2, 2, 2, 1, 0, 0, 1, 
0, 0, 1, 1, 4, 1, 2, 2, 5, 5, 5, 8, 5, 2, 1, 2, 2, 1, 1, 1, 4, 3, 0, 3, 0, 1, 1, 0, 1, 2, 2, 2, 1, 0, 0, 
0, 0, 0, 0, 0, 0, 1, 1, 1, 4, 5, 8, 7, 6, 7, 7, 4, 5, 2, 2, 5, 8, 8, 8, 8, 8, 16, 15, 12, 13, 14, 13, 12, 15, 16, 
0, 1, 2, 1, 1, 4, 1, 4, 3, 3, 3, 3, 3, 4, 1, 0, 3, 6, 3, 6, 3, 3, 0, 1, 4, 16, 13, 16, 15, 15, 12, 13, 12, 12, 9, 
0, 0, 0, 1, 2, 2, 2, 1, 4, 16, 16, 16, 17, 16, 15, 15, 12, 15, 15, 15, 16, 13, 16, 16, 13, 16, 17, 16, 16, 13, 12, 13, 12, 15, 12, 
0, 0, 1, 1, 1, 1, 2, 2, 2, 2, 1, 1, 1, 0, 1, 2, 2, 5, 8, 8, 5, 8, 5, 8, 16, 13, 16, 16, 16, 13, 16, 17, 14, 13, 16, 
0, 0, 3, 6, 6, 7, 4, 1, 4, 3, 4, 1, 0, 3, 4, 3, 0, 0, 1, 0, 0, 0, 3, 0, 0, 0, 3, 0, 1, 0, 0, 1, 0, 0, 0, 
0, 3, 3, 4, 1, 2, 2, 5, 8, 5, 2, 2, 5, 5, 2, 5, 4, 16, 15, 12, 9, 10, 9, 10, 11, 11, 11, 14, 13, 10, 10, 9, 10, 10, 10, 
0, 1, 1, 2, 5, 2, 1, 0, 3, 4, 5, 8, 16, 17, 14, 14, 17, 17, 17, 16, 17, 17, 16, 16, 13, 12, 9, 9, 9, 10, 10, 11, 11, 11, 14, 
0, 1, 4, 5, 5, 4, 5, 5, 8, 8, 7, 6, 7, 4, 3, 6, 6, 7, 4, 1, 2, 1, 2, 1, 0, 0, 1, 1, 2, 1, 0, 0, 3, 0, 1, 
0, 0, 1, 2, 1, 2, 5, 8, 8, 16, 16, 13, 12, 13, 12, 15, 15, 15, 16, 15, 12, 12, 13, 12, 12, 9, 9, 12, 13, 14, 13, 16, 17, 17, 16, 
0, 0, 1, 1, 2, 2, 5, 2, 2, 5, 4, 1, 0, 0, 0, 3, 4, 16, 15, 15, 16, 15, 12, 15, 15, 12, 9, 12, 12, 9, 12, 12, 9, 10, 10, 
0, 3, 6, 7, 4, 7, 4, 7, 7, 6, 6, 7, 8, 5, 5, 8, 8, 5, 8, 8, 8, 7, 8, 5, 2, 2, 2, 1, 1, 0, 3, 3, 6, 6, 6, 
0, 0, 1, 4, 7, 8, 7, 6, 6, 7, 7, 4, 5, 4, 1, 0, 1, 1, 1, 2, 5, 2, 5, 2, 2, 1, 4, 5, 8, 5, 2, 2, 5, 2, 5, 
0, 0, 3, 3, 6, 3, 3, 4, 5, 2, 1, 1, 0, 0, 1, 0, 1, 2, 5, 2, 2, 1, 2, 1, 1, 2, 2, 2, 5, 8, 8, 8, 8, 5, 8, 
0, 0, 3, 6, 6, 6, 6, 3, 3, 3, 4, 7, 4, 5, 4, 1, 0, 0, 1, 1, 4, 5, 5, 2, 1, 1, 1, 2, 2, 1, 0, 1, 1, 0, 0, 
0, 3, 4, 5, 2, 1, 2, 5, 5, 5, 8, 16, 13, 16, 17, 17, 17, 17, 17, 14, 17, 14, 14, 17, 17, 16, 16, 15, 15, 15, 15, 16, 16, 17, 17, 
0, 0, 0, 0, 0, 3, 4, 3, 3, 6, 3, 0, 1, 0, 0, 1, 1, 2, 2, 2, 2, 1, 2, 2, 2, 5, 5, 8, 16, 15, 15, 15, 12, 9, 12, 
0, 3, 6, 6, 6, 6, 7, 6, 6, 7, 4, 5, 4, 1, 4, 1, 4, 7, 4, 1, 2, 2, 2, 2, 5, 2, 2, 2, 5, 8, 8, 5, 2, 5, 8, 
0, 1, 0, 3, 4, 3, 4, 5, 5, 8, 8, 8, 7, 8, 8, 7, 4, 5, 2, 5, 8, 5, 2, 2, 1, 4, 1, 2, 5, 8, 8, 8, 8, 16, 15, 
0, 3, 0, 1, 4, 5, 2, 2, 2, 2, 5, 2, 5, 2, 2, 2, 5, 2, 1, 1, 2, 2, 2, 2, 2, 2, 5, 5, 2, 5, 5, 4, 3, 6, 3, 
0, 3, 0, 0, 1, 0, 3, 4, 5, 8, 8, 7, 7, 4, 1, 0, 0, 3, 4, 1, 4, 5, 5, 4, 1, 2, 1, 2, 5, 5, 5, 4, 5, 8, 5, 
0, 1, 4, 1, 0, 0, 3, 3, 6, 6, 6, 7, 8, 5, 8, 8, 5, 5, 8, 8, 7, 8, 8, 7, 4, 3, 0, 0, 1, 1, 0, 3, 4, 1, 4, 
0, 1, 2, 2, 5, 2, 2, 5, 5, 8, 5, 5, 4, 5, 8, 5, 8, 8, 8, 8, 8, 8, 16, 13, 14, 17, 14, 11, 14, 14, 14, 11, 11, 11, 14, 
0, 1, 2, 2, 2, 1, 1, 0, 0, 3, 6, 3, 0, 3, 4, 5, 8, 16, 15, 15, 16, 13, 14, 14, 13, 14, 11, 11, 14, 14, 17, 14, 13, 14, 11, 
0, 1, 2, 1, 0, 1, 1, 2, 5, 5, 8, 8, 8, 8, 8, 8, 8, 8, 5, 8, 8, 8, 8, 8, 8, 8, 8, 5, 8, 5, 2, 2, 1, 4, 1, 
0, 1, 2, 5, 4, 16, 16, 17, 17, 17, 17, 14, 17, 14, 11, 11, 11, 14, 13, 10, 9, 9, 9, 10, 13, 16, 16, 15, 16, 16, 15, 12, 12, 12, 13, 
0, 0, 1, 1, 4, 7, 6, 3, 6, 6, 7, 7, 4, 3, 6, 3, 3, 0, 3, 4, 3, 6, 6, 6, 6, 3, 4, 5, 2, 2, 2, 1, 2, 5, 8, 
0, 3, 0, 1, 4, 1, 2, 2, 2, 2, 1, 2, 5, 8, 5, 2, 1, 4, 3, 0, 3, 0, 1, 0, 1, 4, 3, 4, 3, 6, 3, 3, 6, 6, 3, 
0, 0, 3, 3, 6, 6, 6, 6, 7, 8, 7, 8, 8, 8, 8, 8, 7, 8, 8, 8, 5, 4, 3, 6, 6, 7, 7, 4, 3, 3, 4, 1, 4, 1, 1, 
0, 3, 0, 1, 4, 7, 7, 8, 8, 8, 8, 5, 5, 8, 7, 4, 7, 4, 3, 4, 5, 4, 3, 3, 6, 3, 3, 3, 3, 6, 6, 6, 3, 3, 4, 
0, 1, 4, 1, 1, 0, 3, 6, 3, 0, 0, 0, 3, 3, 4, 5, 4, 1, 2, 2, 5, 4, 16, 15, 15, 15, 15, 16, 13, 14, 13, 14, 14, 11, 10, 
0, 0, 1, 2, 1, 1, 4, 16, 15, 15, 12, 15, 15, 16, 13, 12, 13, 10, 11, 11, 11, 11, 10, 10, 9, 12, 12, 15, 15, 12, 13, 16, 16, 13, 10, 
0, 0, 1, 4, 3, 3, 3, 6, 6, 7, 6, 6, 7, 8, 8, 8, 8, 8, 7, 6, 6, 6, 3, 4, 1, 0, 1, 1, 1, 2, 2, 2, 1, 4, 5, 
0, 0, 3, 6, 3, 4, 7, 8, 5, 4, 5, 4, 3, 3, 6, 3, 3, 4, 5, 5, 2, 1, 2, 2, 1, 1, 1, 2, 1, 2, 1, 2, 2, 5, 5, 
0, 1, 0, 0, 1, 1, 2, 2, 1, 1, 4, 3, 4, 5, 4, 16, 16, 15, 15, 15, 16, 17, 16, 13, 16, 17, 16, 17, 16, 17, 14, 14, 13, 14, 13, 
0, 1, 4, 1, 4, 3, 6, 6, 6, 3, 0, 1, 4, 1, 4, 5, 8, 7, 8, 7, 8, 8, 5, 2, 2, 2, 5, 8, 8, 8, 8, 5, 4, 5, 2, 
0, 0, 0, 1, 4, 7, 6, 3, 4, 1, 0, 1, 4, 1, 1, 0, 0, 0, 3, 0, 0, 0, 0, 0, 0, 0, 1, 4, 7, 4, 7, 7, 8, 8, 8, 
0, 1, 0, 0, 3, 4, 5, 4, 7, 7, 6, 6, 3, 0, 0, 0, 0, 0, 0, 3, 4, 3, 0, 1, 2, 2, 1, 2, 2, 2, 2, 2, 5, 8, 16, 
0, 0, 3, 4, 5, 4, 3, 0, 0, 1, 0, 0, 1, 1, 1, 4, 5, 8, 5, 8, 7, 6, 6, 3, 6, 7, 8, 8, 8, 8, 7, 7, 6, 6, 6, 
0, 0, 3, 3, 4, 5, 4, 7, 8, 7, 8, 7, 4, 3, 3, 4, 3, 3, 0, 1, 0, 0, 3, 3, 6, 7, 4, 7, 6, 6, 6, 3, 6, 6, 3, 
0, 1, 1, 1, 0, 0, 0, 1, 0, 1, 4, 1, 0, 0, 3, 4, 3, 0, 0, 0, 0, 0, 1, 2, 1, 1, 1, 4, 5, 4, 3, 4, 1, 4, 3, 
0, 1, 4, 7, 6, 7, 6, 6, 6, 6, 6, 6, 6, 7, 4, 1, 2, 2, 2, 2, 2, 2, 2, 5, 2, 2, 1, 1, 1, 1, 4, 5, 8, 8, 16, 
0, 0, 0, 0, 0, 0, 1, 2, 2, 2, 2, 1, 0, 0, 0, 0, 1, 1, 4, 1, 1, 2, 2, 5, 8, 16, 17, 14, 14, 11, 11, 11, 14, 11, 10, 
0, 0, 0, 0, 0, 0, 0, 3, 0, 0, 0, 1, 4, 5, 5, 5, 2, 5, 5, 4, 3, 3, 4, 1, 0, 1, 2, 5, 4, 16, 13, 16, 13, 10, 13, 
0, 1, 0, 0, 0, 0, 3, 4, 1, 4, 1, 2, 5, 2, 2, 2, 5, 2, 2, 5, 8, 16, 15, 16, 13, 14, 11, 11, 11, 14, 14, 13, 16, 16, 16, 
0, 3, 6, 3, 3, 3, 4, 5, 5, 2, 2, 2, 2, 2, 2, 2, 5, 5, 4, 5, 8, 8, 5, 2, 1, 0, 1, 2, 2, 1, 2, 1, 4, 3, 4, 
0, 3, 0, 1, 0, 1, 2, 2, 2, 2, 2, 2, 2, 2, 2, 2, 5, 2, 2, 1, 4, 5, 2, 2, 2, 5, 2, 5, 8, 8, 8, 5, 8, 8, 5, 
0, 3, 6, 7, 8, 8, 8, 5, 2, 1, 1, 4, 3, 0, 0, 0, 3, 0, 3, 4, 3, 6, 3, 4, 16, 16, 13, 10, 9, 10, 11, 11, 11, 14, 14, 
0, 0, 3, 0, 0, 3, 4, 1, 2, 1, 1, 1, 0, 0, 0, 3, 0, 3, 6, 16, 16, 16, 15, 16, 13, 12, 9, 10, 11, 11, 11, 10, 10, 10, 13, 
0, 0, 0, 3, 4, 7, 4, 3, 0, 0, 3, 6, 6, 7, 8, 5, 8, 7, 4, 7, 4, 5, 4, 3, 6, 3, 4, 1, 0, 0, 0, 3, 4, 7, 7, 
0, 1, 4, 1, 0, 0, 0, 3, 3, 6, 6, 6, 6, 6, 6, 6, 7, 8, 5, 4, 3, 4, 5, 4, 1, 4, 1, 1, 1, 0, 3, 0, 3, 0, 0, 
0, 1, 4, 7, 6, 6, 7, 4, 1, 1, 0, 0, 0, 0, 1, 1, 4, 1, 2, 2, 5, 5, 5, 8, 8, 8, 16, 13, 12, 13, 10, 13, 16, 13, 10, 
0, 3, 3, 6, 6, 7, 4, 3, 6, 6, 6, 3, 0, 0, 0, 1, 0, 0, 0, 0, 0, 0, 0, 0, 0, 0, 0, 0, 1, 1, 2, 5, 5, 4, 5, 
0, 0, 0, 3, 3, 4, 1, 0, 0, 1, 4, 5, 2, 2, 5, 2, 2, 5, 5, 8, 16, 16, 15, 12, 9, 9, 10, 9, 10, 9, 12, 15, 15, 16, 16, 
0, 0, 0, 0, 1, 2, 5, 4, 3, 0, 1, 1, 1, 4, 1, 4, 1, 4, 5, 5, 4, 16, 17, 17, 16, 15, 16, 15, 12, 15, 15, 16, 16, 13, 16, 
0, 0, 0, 1, 0, 1, 2, 2, 2, 1, 4, 16, 17, 16, 15, 15, 15, 15, 16, 17, 16, 13, 12, 12, 9, 10, 11, 11, 14, 17, 16, 16, 13, 12, 12, 
0, 3, 4, 1, 4, 7, 8, 8, 8, 5, 5, 2, 2, 2, 2, 2, 2, 2, 2, 2, 1, 2, 2, 2, 5, 8, 8, 8, 5, 4, 5, 5, 2, 2, 1, 
0, 0, 0, 0, 0, 3, 4, 1, 4, 7, 7, 6, 3, 4, 1, 4, 1, 1, 2, 5, 5, 2, 2, 1, 4, 5, 4, 16, 17, 17, 17, 14, 14, 11, 10, 
0, 0, 1, 2, 2, 2, 1, 0, 0, 0, 1, 0, 3, 3, 6, 6, 6, 6, 6, 3, 4, 1, 1, 1, 1, 1, 2, 2, 2, 5, 4, 3, 4, 5, 5, 
0, 3, 3, 0, 0, 0, 3, 6, 3, 0, 0, 0, 0, 0, 3, 3, 4, 7, 4, 7, 6, 3, 6, 6, 6, 3, 4, 1, 0, 0, 3, 4, 7, 6, 6, 
0, 0, 0, 3, 3, 4, 3, 0, 0, 3, 0, 0, 1, 4, 1, 1, 0, 0, 0, 0, 0, 0, 0, 3, 3, 3, 6, 6, 3, 6, 3, 4, 1, 2, 2, 
0, 0, 3, 6, 6, 6, 6, 6, 6, 7, 4, 7, 8, 7, 6, 6, 6, 3, 6, 6, 6, 3, 6, 6, 6, 6, 7, 8, 8, 5, 8, 7, 4, 3, 3, 
0, 0, 3, 3, 6, 6, 3, 0, 0, 0, 0, 0, 3, 6, 7, 8, 5, 5, 5, 2, 2, 5, 2, 1, 2, 1, 1, 1, 0, 0, 0, 0, 3, 4, 1, 
0, 1, 2, 2, 1, 1, 2, 2, 1, 0, 3, 0, 3, 4, 16, 17, 17, 17, 17, 17, 16, 16, 17, 14, 14, 11, 11, 11, 11, 11, 11, 10, 13, 12, 13, 
0, 0, 0, 0, 3, 0, 3, 0, 1, 0, 0, 1, 4, 3, 3, 0, 3, 3, 3, 3, 3, 6, 3, 6, 7, 8, 5, 4, 1, 4, 3, 4, 1, 1, 2, 
0, 0, 0, 0, 3, 3, 0, 1, 4, 3, 3, 3, 3, 4, 1, 1, 4, 3, 3, 4, 1, 2, 1, 2, 2, 2, 2, 1, 0, 3, 4, 5, 5, 5, 8, 
0, 0, 0, 0, 1, 4, 3, 4, 3, 3, 3, 6, 6, 6, 6, 7, 7, 4, 7, 8, 8, 7, 7, 7, 7, 6, 3, 0, 3, 3, 0, 1, 0, 0, 3, 
0, 1, 0, 0, 3, 3, 4, 3, 0, 0, 1, 4, 5, 2, 5, 8, 16, 17, 16, 16, 17, 16, 13, 12, 13, 12, 15, 16, 13, 12, 13, 16, 17, 16, 17, 
0, 0, 0, 0, 1, 1, 2, 2, 2, 2, 5, 8, 5, 8, 8, 5, 2, 2, 2, 1, 1, 1, 0, 0, 3, 4, 3, 3, 3, 4, 3, 3, 3, 3, 3, 
0, 1, 0, 3, 4, 3, 4, 5, 5, 5, 4, 5, 8, 8, 8, 8, 8, 8, 7, 6, 6, 6, 6, 3, 3, 4, 1, 4, 7, 7, 6, 6, 6, 3, 3, 
0, 3, 3, 0, 3, 6, 6, 6, 6, 6, 6, 3, 4, 1, 1, 2, 1, 4, 1, 0, 0, 3, 4, 3, 3, 6, 6, 16, 16, 17, 16, 17, 16, 17, 17, 
0, 0, 0, 0, 3, 6, 7, 4, 7, 4, 1, 4, 7, 4, 1, 2, 1, 2, 5, 8, 16, 17, 17, 17, 16, 13, 10, 9, 9, 9, 9, 9, 10, 11, 14, 
0, 0, 1, 1, 0, 0, 0, 0, 0, 0, 1, 4, 5, 5, 8, 7, 7, 4, 3, 3, 6, 3, 6, 6, 6, 3, 6, 7, 6, 6, 3, 3, 3, 4, 7, 
0, 0, 1, 2, 5, 4, 16, 16, 15, 15, 15, 15, 16, 13, 12, 9, 12, 9, 9, 12, 12, 12, 15, 15, 15, 16, 16, 16, 16, 13, 12, 12, 13, 16, 16, 
0, 1, 0, 0, 0, 0, 0, 0, 3, 6, 6, 6, 3, 3, 3, 3, 6, 3, 0, 0, 3, 4, 5, 5, 2, 1, 4, 5, 8, 8, 8, 8, 16, 15, 15, 
0, 0, 3, 6, 7, 6, 3, 4, 3, 0, 0, 0, 1, 0, 3, 3, 6, 3, 4, 5, 4, 3, 3, 3, 0, 3, 0, 1, 2, 1, 0, 1, 1, 4, 5, 
0, 0, 0, 0, 1, 1, 2, 2, 2, 5, 5, 4, 5, 8, 8, 16, 15, 12, 15, 15, 15, 15, 15, 15, 16, 13, 14, 13, 12, 12, 12, 12, 9, 10, 11, 
0, 0, 0, 0, 0, 1, 1, 0, 0, 0, 3, 6, 6, 3, 6, 7, 4, 3, 0, 0, 3, 6, 6, 3, 3, 4, 7, 7, 8, 8, 7, 4, 7, 7, 6, 
0, 0, 0, 0, 0, 3, 6, 6, 3, 4, 7, 8, 8, 7, 7, 4, 7, 8, 8, 7, 7, 4, 5, 5, 4, 7, 4, 7, 7, 8, 7, 4, 5, 8, 5, 
0, 3, 0, 0, 3, 3, 4, 7, 8, 5, 4, 7, 4, 7, 8, 8, 7, 6, 7, 4, 3, 0, 1, 4, 7, 4, 7, 6, 7, 7, 7, 7, 7, 7, 7, 
0, 0, 0, 0, 0, 0, 1, 0, 1, 1, 2, 1, 4, 3, 6, 16, 16, 16, 16, 16, 16, 15, 15, 15, 16, 17, 16, 13, 16, 16, 15, 12, 13, 16, 16, 
0, 0, 1, 1, 0, 1, 1, 2, 2, 5, 4, 16, 17, 17, 17, 17, 14, 14, 17, 17, 14, 13, 16, 13, 10, 10, 11, 11, 10, 13, 16, 13, 16, 16, 16, 
0, 0, 3, 0, 0, 3, 0, 0, 0, 0, 1, 0, 1, 0, 1, 4, 1, 2, 1, 4, 16, 13, 16, 17, 17, 16, 17, 17, 17, 14, 13, 14, 13, 14, 11, 
0, 3, 0, 0, 0, 0, 0, 3, 0, 0, 0, 0, 0, 0, 0, 0, 0, 0, 3, 4, 7, 7, 6, 3, 6, 6, 3, 4, 3, 0, 1, 2, 2, 5, 2, 
0, 0, 0, 0, 0, 0, 3, 4, 3, 3, 6, 3, 0, 3, 0, 0, 0, 0, 0, 3, 4, 7, 8, 7, 8, 8, 7, 7, 4, 7, 4, 3, 6, 6, 3, 
0, 0, 1, 0, 1, 2, 1, 2, 5, 2, 2, 1, 0, 0, 0, 3, 0, 0, 0, 0, 0, 0, 0, 0, 0, 3, 0, 1, 4, 3, 3, 4, 3, 3, 4, 
0, 0, 3, 3, 4, 7, 7, 7, 4, 1, 0, 0, 1, 2, 1, 1, 4, 16, 15, 15, 16, 13, 10, 10, 9, 12, 15, 15, 15, 15, 15, 15, 16, 15, 15, 
0, 1, 0, 3, 3, 3, 4, 5, 5, 4, 5, 5, 4, 7, 4, 3, 0, 0, 1, 1, 4, 5, 4, 7, 6, 6, 3, 3, 4, 3, 4, 7, 7, 8, 7, 
0, 0, 0, 0, 0, 1, 1, 4, 5, 8, 5, 4, 5, 5, 4, 5, 8, 7, 4, 7, 7, 8, 7, 7, 6, 3, 3, 3, 3, 3, 0, 3, 3, 3, 4, 
0, 1, 2, 2, 1, 0, 0, 0, 3, 4, 3, 6, 3, 3, 6, 6, 6, 16, 13, 10, 10, 11, 11, 10, 10, 11, 11, 11, 10, 13, 16, 16, 13, 12, 15, 
0, 0, 3, 4, 5, 2, 2, 5, 8, 8, 8, 16, 13, 16, 17, 14, 14, 17, 14, 11, 11, 14, 11, 11, 11, 14, 14, 13, 10, 11, 10, 11, 10, 11, 14, 
0, 0, 0, 3, 0, 1, 4, 3, 0, 3, 4, 3, 0, 1, 1, 4, 5, 2, 1, 2, 2, 5, 5, 2, 2, 1, 1, 4, 5, 5, 5, 5, 2, 2, 1, 
0, 1, 0, 0, 1, 4, 3, 3, 3, 0, 1, 0, 3, 6, 7, 7, 6, 6, 7, 6, 3, 3, 4, 1, 2, 1, 4, 1, 4, 1, 1, 4, 16, 13, 10, 
0, 0, 0, 3, 3, 6, 3, 6, 3, 6, 7, 7, 7, 7, 7, 6, 3, 0, 0, 0, 3, 4, 1, 1, 1, 2, 2, 1, 4, 5, 5, 4, 5, 2, 2, 
0, 0, 0, 1, 1, 1, 0, 3, 6, 6, 7, 6, 6, 3, 3, 4, 3, 0, 1, 2, 2, 5, 5, 2, 2, 1, 4, 1, 1, 0, 0, 1, 1, 1, 1, 
0, 0, 0, 1, 4, 3, 3, 0, 0, 0, 0, 0, 0, 0, 3, 4, 7, 6, 7, 4, 5, 4, 7, 6, 6, 6, 3, 3, 6, 7, 7, 4, 3, 4, 3, 
0, 0, 0, 0, 0, 1, 1, 1, 0, 3, 3, 6, 3, 3, 3, 0, 0, 3, 3, 6, 7, 7, 7, 8, 7, 7, 7, 8, 7, 6, 3, 4, 5, 8, 8, 
0, 3, 0, 1, 0, 0, 0, 0, 0, 0, 0, 3, 6, 6, 7, 7, 4, 7, 7, 8, 8, 7, 4, 3, 6, 6, 7, 7, 8, 8, 8, 5, 5, 4, 3, 
0, 3, 3, 4, 7, 6, 6, 7, 6, 6, 7, 4, 3, 4, 3, 6, 3, 6, 7, 4, 3, 3, 3, 4, 5, 2, 1, 0, 0, 0, 3, 0, 3, 3, 3, 
0, 0, 3, 6, 6, 6, 6, 6, 6, 6, 6, 3, 6, 6, 6, 6, 3, 4, 3, 0, 0, 0, 0, 3, 4, 5, 2, 2, 2, 2, 2, 2, 2, 1, 4, 
0, 0, 0, 3, 3, 4, 1, 0, 0, 3, 4, 1, 0, 0, 1, 4, 7, 7, 4, 3, 3, 0, 0, 0, 0, 0, 0, 0, 3, 0, 0, 0, 1, 2, 1, 
0, 0, 0, 0, 1, 0, 1, 1, 1, 2, 2, 5, 8, 16, 16, 13, 10, 10, 10, 9, 12, 13, 12, 15, 16, 13, 14, 11, 14, 17, 17, 16, 15, 15, 15, 
0, 1, 2, 1, 1, 0, 1, 2, 2, 5, 2, 5, 8, 16, 13, 16, 17, 17, 17, 14, 17, 17, 17, 17, 16, 15, 16, 15, 12, 9, 10, 11, 11, 10, 10, 
0, 0, 0, 1, 1, 0, 1, 1, 4, 1, 2, 1, 1, 4, 1, 2, 2, 2, 2, 5, 2, 2, 2, 1, 2, 5, 5, 2, 5, 8, 5, 5, 8, 5, 5, 
0, 0, 0, 0, 1, 0, 1, 4, 1, 0, 3, 6, 3, 0, 3, 3, 3, 6, 3, 4, 5, 8, 8, 7, 6, 6, 6, 7, 4, 5, 8, 5, 5, 2, 2, 
0, 0, 3, 0, 0, 0, 0, 1, 1, 2, 5, 4, 5, 4, 5, 5, 5, 2, 2, 1, 0, 0, 0, 0, 0, 0, 3, 3, 3, 3, 0, 0, 1, 0, 3, 
0, 1, 4, 1, 4, 1, 2, 5, 4, 1, 0, 1, 2, 2, 2, 2, 5, 2, 5, 8, 16, 13, 12, 12, 12, 12, 9, 10, 13, 12, 9, 10, 13, 16, 13, 
0, 3, 3, 3, 0, 0, 0, 3, 4, 5, 2, 5, 5, 2, 2, 5, 5, 4, 16, 16, 16, 13, 16, 16, 16, 13, 10, 10, 11, 14, 14, 14, 14, 11, 10, 
0, 0, 3, 6, 7, 6, 7, 7, 7, 6, 6, 6, 6, 6, 6, 6, 3, 3, 4, 5, 2, 5, 4, 5, 5, 4, 5, 5, 8, 16, 13, 16, 16, 13, 12, 
0, 3, 6, 3, 0, 0, 3, 0, 0, 0, 3, 4, 5, 4, 3, 3, 0, 0, 1, 1, 2, 2, 2, 1, 4, 1, 1, 1, 0, 0, 3, 3, 4, 1, 4, 
0, 0, 0, 1, 4, 3, 0, 3, 0, 0, 3, 4, 1, 2, 2, 5, 4, 5, 8, 5, 8, 16, 17, 16, 13, 10, 10, 13, 16, 13, 16, 15, 12, 15, 16, 
0, 0, 0, 1, 4, 7, 8, 8, 8, 8, 8, 5, 2, 5, 2, 5, 5, 8, 5, 5, 8, 8, 8, 5, 4, 16, 16, 16, 15, 15, 15, 16, 16, 17, 16, 
0, 1, 0, 0, 3, 6, 3, 0, 1, 1, 4, 5, 8, 5, 4, 7, 6, 7, 7, 8, 5, 8, 7, 8, 8, 8, 7, 6, 7, 4, 1, 4, 3, 6, 6, 
0, 0, 1, 2, 5, 8, 5, 8, 5, 5, 5, 5, 8, 5, 8, 8, 16, 13, 16, 16, 17, 14, 17, 17, 16, 16, 15, 16, 17, 16, 13, 10, 11, 11, 11, 
0, 0, 0, 1, 1, 1, 2, 5, 5, 5, 5, 8, 16, 16, 15, 16, 13, 10, 9, 12, 15, 15, 15, 15, 15, 12, 15, 16, 13, 10, 10, 9, 10, 9, 10, 
0, 0, 0, 1, 2, 1, 2, 5, 4, 3, 0, 0, 0, 0, 0, 3, 0, 1, 0, 3, 6, 6, 6, 6, 16, 15, 15, 15, 15, 16, 16, 17, 14, 11, 11, 
0, 3, 6, 6, 6, 7, 6, 7, 7, 7, 8, 8, 5, 5, 4, 3, 3, 3, 6, 6, 6, 6, 6, 6, 6, 3, 4, 7, 7, 6, 7, 6, 3, 4, 5, 
0, 1, 1, 2, 1, 1, 4, 1, 2, 2, 2, 5, 5, 5, 4, 16, 13, 16, 16, 17, 17, 17, 17, 16, 16, 15, 15, 12, 13, 16, 17, 17, 16, 17, 17, 
0, 1, 0, 3, 6, 7, 4, 3, 4, 7, 7, 4, 7, 7, 7, 8, 7, 7, 8, 5, 2, 2, 2, 2, 2, 2, 2, 2, 2, 2, 5, 8, 5, 5, 4, 
0, 3, 0, 0, 0, 3, 4, 5, 4, 7, 4, 3, 6, 6, 7, 4, 7, 6, 6, 6, 6, 7, 7, 6, 6, 6, 6, 7, 8, 7, 4, 7, 7, 8, 8, 
0, 1, 4, 3, 0, 3, 0, 0, 0, 0, 0, 1, 0, 0, 1, 2, 1, 4, 16, 17, 14, 14, 17, 14, 11, 14, 14, 14, 11, 11, 11, 10, 10, 9, 9, 
0, 0, 1, 2, 1, 2, 1, 2, 1, 1, 4, 5, 5, 5, 8, 8, 16, 16, 15, 12, 12, 15, 12, 9, 10, 10, 13, 14, 17, 17, 14, 11, 11, 11, 10, 
0, 0, 1, 2, 2, 1, 1, 1, 1, 4, 1, 0, 3, 3, 6, 3, 0, 0, 0, 0, 0, 0, 3, 6, 6, 16, 13, 10, 10, 10, 11, 10, 10, 10, 9, 
0, 0, 0, 3, 3, 6, 6, 6, 7, 6, 6, 6, 3, 6, 3, 0, 0, 1, 2, 5, 2, 1, 2, 1, 2, 2, 2, 5, 4, 16, 16, 17, 16, 15, 16, 
0, 0, 0, 3, 0, 3, 4, 5, 5, 5, 2, 2, 2, 2, 5, 2, 2, 1, 4, 3, 6, 16, 17, 16, 16, 17, 14, 11, 11, 11, 14, 14, 11, 11, 11, 
0, 0, 0, 3, 3, 6, 7, 7, 4, 5, 4, 5, 2, 2, 2, 5, 8, 8, 16, 17, 17, 17, 17, 17, 14, 14, 13, 12, 9, 9, 9, 12, 15, 12, 15, 
0, 0, 1, 2, 5, 8, 8, 5, 4, 3, 4, 1, 1, 4, 5, 8, 16, 17, 16, 16, 13, 10, 13, 10, 11, 11, 14, 17, 14, 14, 14, 17, 16, 17, 16, 
0, 3, 6, 6, 3, 4, 1, 0, 0, 0, 1, 0, 0, 0, 1, 1, 4, 5, 5, 4, 5, 5, 4, 5, 5, 4, 1, 2, 1, 0, 3, 4, 5, 8, 8, 
0, 0, 1, 4, 3, 4, 5, 8, 8, 5, 4, 5, 8, 7, 7, 4, 3, 0, 0, 3, 0, 0, 0, 1, 4, 7, 8, 8, 8, 8, 5, 8, 5, 8, 7, 
0, 0, 0, 0, 3, 4, 5, 5, 4, 7, 8, 8, 8, 8, 8, 8, 8, 8, 8, 5, 2, 1, 0, 3, 3, 3, 0, 0, 3, 0, 3, 4, 3, 0, 0, 
0, 1, 0, 3, 0, 1, 1, 4, 7, 6, 6, 6, 3, 6, 6, 6, 6, 6, 3, 6, 7, 7, 7, 7, 4, 1, 4, 1, 2, 1, 0, 0, 0, 0, 1, 
0, 1, 2, 2, 2, 5, 5, 4, 16, 17, 17, 17, 14, 14, 17, 17, 16, 17, 17, 17, 14, 17, 14, 17, 17, 16, 17, 14, 14, 11, 11, 14, 11, 11, 11, 
0, 3, 3, 0, 0, 0, 1, 1, 1, 1, 0, 0, 0, 0, 3, 0, 3, 6, 3, 6, 7, 6, 3, 4, 3, 0, 0, 1, 4, 3, 0, 0, 1, 1, 2, 
0, 0, 0, 3, 3, 4, 3, 0, 0, 1, 0, 0, 0, 0, 0, 3, 6, 7, 6, 6, 3, 0, 3, 0, 3, 6, 6, 6, 6, 3, 4, 3, 4, 7, 7, 
0, 1, 1, 0, 0, 0, 0, 0, 0, 3, 6, 3, 4, 1, 1, 1, 0, 3, 0, 1, 1, 4, 7, 6, 3, 3, 3, 3, 6, 6, 6, 6, 7, 8, 7, 
0, 0, 0, 0, 1, 1, 0, 1, 0, 0, 0, 0, 0, 0, 0, 3, 3, 0, 3, 4, 1, 0, 0, 1, 2, 2, 2, 5, 4, 1, 4, 1, 0, 1, 2, 
0, 0, 0, 3, 3, 6, 6, 6, 7, 4, 3, 0, 0, 0, 0, 0, 0, 0, 1, 4, 7, 6, 6, 6, 3, 6, 6, 6, 7, 4, 3, 6, 6, 6, 6, 
0, 3, 3, 4, 7, 6, 3, 0, 0, 0, 0, 0, 0, 0, 0, 1, 2, 1, 4, 3, 3, 4, 1, 4, 3, 0, 3, 3, 0, 0, 1, 1, 2, 2, 1, 
0, 0, 3, 6, 3, 0, 3, 0, 0, 0, 0, 0, 1, 1, 2, 2, 1, 2, 1, 4, 5, 8, 5, 2, 2, 1, 4, 16, 16, 16, 13, 14, 14, 11, 14, 
0, 0, 3, 4, 1, 0, 0, 3, 3, 3, 6, 6, 7, 4, 5, 4, 3, 6, 6, 3, 4, 1, 1, 4, 5, 2, 5, 4, 16, 15, 16, 13, 16, 15, 16, 
0, 0, 1, 0, 0, 0, 3, 4, 5, 5, 8, 5, 5, 2, 2, 1, 4, 5, 2, 2, 2, 2, 5, 2, 1, 0, 0, 0, 1, 2, 2, 2, 1, 4, 16, 
0, 3, 3, 6, 7, 8, 7, 8, 7, 4, 5, 4, 1, 4, 5, 8, 5, 4, 1, 2, 1, 4, 16, 13, 10, 10, 11, 14, 13, 10, 9, 10, 10, 13, 10, 
0, 0, 1, 4, 1, 2, 5, 8, 5, 2, 2, 2, 2, 2, 1, 1, 0, 0, 0, 0, 3, 3, 4, 1, 1, 0, 1, 0, 3, 4, 1, 0, 1, 4, 3, 
0, 0, 0, 3, 6, 6, 6, 7, 4, 1, 2, 5, 8, 5, 4, 3, 6, 16, 17, 17, 17, 14, 17, 16, 13, 10, 10, 13, 16, 16, 13, 16, 15, 12, 13, 
0, 0, 0, 3, 3, 4, 7, 7, 8, 5, 8, 8, 8, 8, 8, 5, 2, 1, 2, 2, 2, 5, 8, 8, 5, 5, 4, 5, 4, 1, 0, 1, 2, 1, 2, 
0, 0, 3, 4, 3, 4, 7, 6, 6, 6, 3, 0, 0, 0, 0, 0, 0, 0, 1, 4, 7, 7, 4, 1, 2, 5, 5, 2, 2, 1, 2, 5, 8, 8, 16, 
0, 0, 0, 1, 0, 0, 0, 1, 0, 3, 0, 1, 0, 0, 0, 1, 2, 1, 0, 0, 1, 0, 1, 1, 2, 2, 5, 5, 5, 4, 16, 13, 16, 16, 15, 
0, 0, 1, 1, 2, 2, 5, 2, 1, 4, 5, 4, 16, 13, 10, 11, 14, 11, 14, 11, 11, 10, 9, 12, 9, 10, 13, 10, 13, 14, 11, 11, 14, 13, 12, 
0, 1, 4, 5, 4, 1, 0, 0, 3, 6, 6, 7, 8, 7, 4, 5, 5, 2, 5, 8, 5, 4, 16, 16, 17, 17, 14, 11, 10, 11, 11, 11, 11, 14, 17, 
0, 0, 1, 4, 1, 0, 1, 0, 0, 1, 4, 5, 8, 8, 7, 6, 6, 6, 6, 6, 3, 0, 1, 1, 1, 4, 3, 3, 0, 0, 3, 6, 6, 3, 3, 
0, 0, 0, 0, 0, 3, 4, 1, 4, 7, 7, 6, 7, 7, 8, 5, 5, 2, 2, 2, 2, 5, 2, 1, 1, 2, 2, 2, 2, 2, 5, 4, 5, 8, 8, 
0, 3, 3, 3, 4, 3, 6, 3, 0, 0, 1, 4, 5, 5, 4, 3, 0, 1, 2, 5, 8, 8, 8, 8, 16, 17, 14, 14, 13, 16, 16, 15, 15, 12, 9, 
0, 1, 4, 5, 5, 5, 5, 2, 5, 8, 16, 17, 17, 14, 11, 11, 11, 11, 10, 9, 9, 12, 15, 15, 15, 16, 15, 15, 16, 15, 15, 15, 15, 12, 12, 
0, 0, 3, 4, 7, 7, 4, 3, 0, 1, 2, 5, 8, 16, 17, 14, 13, 14, 14, 11, 14, 14, 11, 11, 14, 11, 10, 13, 12, 12, 15, 15, 16, 15, 15, 
0, 3, 0, 0, 0, 0, 3, 0, 1, 2, 2, 2, 5, 8, 8, 8, 16, 15, 15, 15, 15, 15, 15, 15, 15, 15, 15, 15, 12, 13, 10, 11, 11, 10, 13, 
0, 0, 0, 1, 2, 5, 2, 2, 1, 1, 2, 2, 5, 5, 4, 3, 0, 0, 3, 0, 1, 0, 0, 1, 0, 0, 0, 0, 0, 0, 1, 2, 1, 1, 2, 
0, 1, 4, 1, 0, 1, 0, 0, 3, 3, 0, 1, 1, 4, 7, 6, 6, 7, 8, 8, 5, 4, 1, 1, 1, 0, 0, 0, 1, 2, 1, 0, 0, 0, 0, 
0, 3, 3, 3, 0, 1, 0, 0, 0, 3, 4, 5, 4, 1, 2, 1, 4, 3, 6, 16, 15, 15, 15, 12, 9, 12, 15, 15, 15, 16, 15, 15, 12, 12, 12, 
0, 3, 6, 6, 7, 4, 3, 6, 6, 7, 6, 3, 0, 3, 0, 0, 1, 1, 1, 0, 0, 0, 0, 1, 1, 0, 1, 1, 4, 7, 8, 5, 5, 5, 4, 
0, 0, 1, 4, 1, 1, 2, 2, 2, 1, 1, 4, 3, 6, 6, 6, 6, 16, 13, 12, 9, 12, 9, 10, 10, 13, 16, 17, 17, 14, 17, 14, 14, 14, 14, 
0, 3, 4, 5, 5, 5, 2, 1, 0, 0, 1, 0, 0, 3, 0, 3, 0, 1, 2, 2, 2, 2, 2, 2, 5, 4, 1, 0, 3, 4, 1, 4, 1, 0, 0, 
0, 3, 6, 3, 0, 3, 3, 3, 4, 1, 0, 1, 0, 0, 0, 0, 0, 1, 1, 4, 5, 5, 8, 8, 5, 8, 8, 8, 8, 7, 7, 8, 8, 7, 7, 
0, 1, 1, 1, 2, 1, 0, 0, 0, 3, 0, 1, 4, 1, 0, 3, 3, 0, 1, 2, 2, 5, 4, 16, 15, 15, 16, 15, 15, 15, 16, 13, 16, 13, 14, 
0, 0, 0, 0, 0, 0, 1, 0, 0, 0, 0, 0, 3, 3, 3, 3, 3, 3, 3, 3, 6, 3, 3, 0, 3, 6, 6, 3, 3, 0, 0, 3, 6, 3, 0, 
0, 3, 3, 3, 3, 6, 3, 3, 4, 5, 4, 7, 8, 8, 7, 8, 7, 6, 6, 6, 6, 6, 3, 4, 3, 6, 7, 8, 8, 8, 7, 6, 3, 3, 4, 
0, 1, 4, 1, 4, 7, 6, 6, 6, 3, 4, 3, 0, 1, 4, 5, 4, 7, 6, 6, 3, 6, 3, 4, 5, 4, 3, 3, 4, 3, 0, 0, 1, 2, 2, 
0, 1, 2, 5, 8, 16, 13, 16, 17, 17, 16, 15, 15, 15, 16, 16, 17, 17, 17, 17, 14, 13, 16, 15, 15, 16, 13, 10, 9, 9, 9, 9, 12, 15, 16, 
0, 1, 2, 5, 2, 2, 2, 2, 5, 8, 8, 16, 16, 16, 15, 15, 15, 12, 15, 16, 15, 15, 15, 15, 16, 15, 12, 13, 14, 14, 14, 13, 10, 10, 11, 
0, 3, 6, 7, 7, 4, 3, 3, 6, 6, 3, 3, 0, 0, 0, 0, 0, 0, 0, 0, 0, 0, 3, 0, 0, 3, 6, 6, 6, 6, 6, 6, 6, 6, 7, 
0, 0, 0, 1, 2, 2, 2, 1, 0, 1, 2, 1, 2, 2, 2, 2, 2, 2, 2, 5, 8, 5, 4, 1, 4, 16, 17, 16, 17, 17, 17, 17, 14, 11, 11, 
0, 0, 1, 2, 2, 2, 5, 2, 1, 1, 1, 1, 0, 0, 0, 0, 0, 3, 0, 0, 3, 3, 4, 5, 8, 16, 13, 10, 10, 10, 11, 10, 13, 10, 13, 
0, 1, 4, 7, 6, 3, 4, 3, 3, 6, 6, 3, 4, 3, 3, 4, 7, 4, 1, 4, 3, 6, 7, 8, 8, 8, 5, 2, 1, 1, 4, 16, 13, 10, 9, 
0, 3, 6, 6, 7, 4, 3, 0, 3, 0, 0, 1, 1, 0, 1, 4, 3, 3, 0, 0, 1, 2, 1, 2, 1, 0, 0, 3, 3, 0, 0, 3, 3, 0, 0, 
0, 0, 0, 0, 0, 3, 4, 5, 2, 5, 5, 4, 16, 17, 16, 15, 16, 16, 13, 16, 16, 16, 16, 15, 15, 16, 13, 12, 13, 10, 13, 16, 15, 15, 15, 
0, 1, 0, 1, 1, 1, 1, 1, 2, 2, 5, 5, 8, 8, 16, 16, 15, 15, 15, 12, 12, 15, 16, 13, 16, 13, 16, 15, 12, 9, 9, 9, 12, 15, 15, 
0, 3, 4, 1, 4, 3, 4, 1, 0, 0, 3, 3, 0, 0, 3, 0, 0, 1, 4, 7, 7, 8, 8, 8, 8, 7, 8, 8, 7, 4, 3, 3, 3, 6, 6, 
0, 0, 3, 3, 0, 3, 4, 3, 6, 6, 7, 6, 3, 0, 0, 0, 1, 0, 0, 0, 1, 0, 0, 1, 4, 3, 0, 3, 3, 3, 0, 3, 6, 6, 6, 
0, 0, 0, 0, 0, 3, 0, 1, 2, 1, 4, 1, 1, 2, 2, 2, 1, 4, 5, 2, 5, 8, 16, 13, 12, 15, 16, 17, 17, 16, 17, 17, 16, 15, 15, 
0, 3, 3, 0, 0, 0, 0, 3, 0, 0, 0, 1, 1, 1, 1, 2, 2, 5, 5, 8, 5, 5, 2, 5, 2, 1, 0, 1, 4, 5, 5, 2, 2, 2, 1, 
0, 1, 1, 2, 2, 2, 5, 8, 8, 8, 8, 8, 8, 8, 8, 8, 8, 5, 5, 8, 8, 8, 16, 15, 16, 16, 13, 16, 16, 17, 17, 14, 11, 11, 10, 
0, 1, 0, 3, 4, 3, 3, 6, 7, 6, 6, 7, 8, 5, 4, 5, 8, 8, 8, 8, 8, 8, 8, 8, 7, 6, 6, 7, 4, 1, 2, 1, 4, 1, 0, 
0, 3, 6, 3, 3, 6, 7, 7, 6, 6, 6, 7, 6, 3, 4, 7, 6, 7, 6, 3, 3, 4, 1, 1, 2, 1, 2, 1, 4, 3, 6, 6, 3, 3, 0, 
0, 0, 0, 1, 1, 2, 5, 5, 8, 8, 8, 8, 5, 4, 3, 6, 16, 16, 13, 12, 12, 13, 10, 10, 9, 9, 9, 10, 11, 14, 13, 10, 9, 9, 9, 
0, 3, 6, 6, 6, 7, 8, 8, 8, 5, 5, 2, 2, 5, 8, 16, 17, 17, 14, 14, 13, 12, 13, 16, 17, 14, 14, 17, 14, 11, 14, 11, 14, 13, 10, 
0, 1, 4, 7, 6, 3, 3, 3, 4, 5, 2, 5, 8, 8, 8, 16, 13, 12, 13, 16, 17, 17, 16, 16, 15, 15, 12, 15, 15, 16, 16, 17, 14, 13, 12, 
0, 1, 0, 3, 4, 3, 4, 7, 6, 6, 3, 4, 1, 1, 4, 1, 2, 2, 1, 2, 2, 5, 8, 5, 5, 2, 1, 2, 2, 2, 2, 1, 2, 2, 1, 
0, 1, 2, 1, 1, 1, 4, 16, 13, 10, 10, 10, 11, 11, 11, 14, 11, 10, 9, 9, 10, 9, 10, 9, 9, 9, 9, 10, 10, 9, 9, 9, 10, 11, 11, 
HMM training commence
Initialising estimates
Training commenced
Iteration 0: loglik = 17192.810532377, change = 17192.810532377
Iteration 1: loglik = 0.322651558, change = 0.322651558
Iteration 2: loglik = 0.000080691, change = 0.000484347
Iteration 3: loglik = 0.000088590, change = 0.000550622
Iteration 4: loglik = 0.000114368, change = 0.000647198
Iteration 5: loglik = 0.000167188, change = 0.000834279
Iteration 6: loglik = 0.000264751, change = 0.001125263
Iteration 7: loglik = 0.000436503, change = 0.001552802
Iteration 8: loglik = 0.000721288, change = 0.002149926
Iteration 9: loglik = 0.001134221, change = 0.002866425
Iteration 10: loglik = 0.001568778, change = 0.003495037
Iteration 11: loglik = 0.001771150, change = 0.003801993
Iteration 12: loglik = 0.001653086, change = 0.003777150
Iteration 13: loglik = 0.001438726, change = 0.003571796
Iteration 14: loglik = 0.001291292, change = 0.003296027
Iteration 15: loglik = 0.001200567, change = 0.002993339
Iteration 16: loglik = 0.001125023, change = 0.002715561
Iteration 17: loglik = 0.001049132, change = 0.002470438
Iteration 18: loglik = 0.000973371, change = 0.002225204
Iteration 19: loglik = 0.000901395, change = 0.001957375
Iteration 20: loglik = 0.000837030, change = 0.001775184
Iteration 21: loglik = 0.000783335, change = 0.001635893
Iteration 22: loglik = 0.000741458, change = 0.001524200
Iteration 23: loglik = 0.000710245, change = 0.001496181
Iteration 24: loglik = 0.000686236, change = 0.001446082
Iteration 25: loglik = 0.000663664, change = 0.001330322
Iteration 26: loglik = 0.000635017, change = 0.001239000
Iteration 27: loglik = 0.000592812, change = 0.001159205
Iteration 28: loglik = 0.000532643, change = 0.001068585
Iteration 29: loglik = 0.000456194, change = 0.000972019
Iteration 30: loglik = 0.000371372, change = 0.000875966
Iteration 31: loglik = 0.000288518, change = 0.000796158
Iteration 32: loglik = 0.000215872, change = 0.000732403
Iteration 33: loglik = 0.000157441, change = 0.000676393
Iteration 34: loglik = 0.000113371, change = 0.000628820
Iteration 35: loglik = 0.000081536, change = 0.000589409
Iteration 36: loglik = 0.000059100, change = 0.000557326
Iteration 37: loglik = 0.000043445, change = 0.000531478
Iteration 38: loglik = 0.000032513, change = 0.000510697
Iteration 39: loglik = 0.000024815, change = 0.000493859
Iteration 40: loglik = 0.000019326, change = 0.000479944
Iteration 41: loglik = 0.000015350, change = 0.000468079
Iteration 42: loglik = 0.000012423, change = 0.000457542
Iteration 43: loglik = 0.000010234, change = 0.000447764
Iteration 44: loglik = 0.000008569, change = 0.000438317
Iteration 45: loglik = 0.000007283, change = 0.000428893
Iteration 46: loglik = 0.000006276, change = 0.000419285
Iteration 47: loglik = 0.000005477, change = 0.000409370
Iteration 48: loglik = 0.000004833, change = 0.000399085
Iteration 49: loglik = 0.000004309, change = 0.000388675
Iteration 50: loglik = 0.000003877, change = 0.000378563
Iteration 51: loglik = 0.000003517, change = 0.000368122
Iteration 52: loglik = 0.000003213, change = 0.000357338
Iteration 53: loglik = 0.000002954, change = 0.000346215
Iteration 54: loglik = 0.000002732, change = 0.000334768
Iteration 55: loglik = 0.000002539, change = 0.000323027
Iteration 56: loglik = 0.000002370, change = 0.000311032
Iteration 57: loglik = 0.000002222, change = 0.000298833
Iteration 58: loglik = 0.000002091, change = 0.000286486
Iteration 59: loglik = 0.000001975, change = 0.000274052
Iteration 60: loglik = 0.000001872, change = 0.000261597
Iteration 61: loglik = 0.000001780, change = 0.000249186
Iteration 62: loglik = 0.000001697, change = 0.000236883
Iteration 63: loglik = 0.000001624, change = 0.000224750
Iteration 64: loglik = 0.000001559, change = 0.000212842
Iteration 65: loglik = 0.000001501, change = 0.000201213
Iteration 66: loglik = 0.000001451, change = 0.000189907
Iteration 67: loglik = 0.000001406, change = 0.000178962
Iteration 68: loglik = 0.000001367, change = 0.000168455
Iteration 69: loglik = 0.000001334, change = 0.000158881
Iteration 70: loglik = 0.000001305, change = 0.000149686
Iteration 71: loglik = 0.000001282, change = 0.000140877
Iteration 72: loglik = 0.000001262, change = 0.000132456
Iteration 73: loglik = 0.000001247, change = 0.000124425
Iteration 74: loglik = 0.000001236, change = 0.000116781
Iteration 75: loglik = 0.000001229, change = 0.000109519
Iteration 76: loglik = 0.000001225, change = 0.000102632
Iteration 77: loglik = 0.000001224, change = 0.000096111
Iteration 78: loglik = 0.000001227, change = 0.000089948
Iteration 79: loglik = 0.000001233, change = 0.000084129
Iteration 80: loglik = 0.000001242, change = 0.000078644
Iteration 81: loglik = 0.000001253, change = 0.000073480
Iteration 82: loglik = 0.000001268, change = 0.000068622
Iteration 83: loglik = 0.000001286, change = 0.000065866
Iteration 84: loglik = 0.000001306, change = 0.000067738
Iteration 85: loglik = 0.000001329, change = 0.000069673
Iteration 86: loglik = 0.000001355, change = 0.000071674
Iteration 87: loglik = 0.000001383, change = 0.000073744
Iteration 88: loglik = 0.000001415, change = 0.000075885
Iteration 89: loglik = 0.000001449, change = 0.000078100
Iteration 90: loglik = 0.000001486, change = 0.000080390
Iteration 91: loglik = 0.000001526, change = 0.000082759
Iteration 92: loglik = 0.000001569, change = 0.000085208
Iteration 93: loglik = 0.000001615, change = 0.000087740
Iteration 94: loglik = 0.000001663, change = 0.000090357
Iteration 95: loglik = 0.000001715, change = 0.000093061
Iteration 96: loglik = 0.000001770, change = 0.000095854
Iteration 97: loglik = 0.000001828, change = 0.000098737
Iteration 98: loglik = 0.000001889, change = 0.000101711
Iteration 99: loglik = 0.000001954, change = 0.000104778
Iteration 100: loglik = 0.000002022, change = 0.000107937
Iteration 101: loglik = 0.000002093, change = 0.000111190
Iteration 102: loglik = 0.000002167, change = 0.000114534
Iteration 103: loglik = 0.000002244, change = 0.000117970
Iteration 104: loglik = 0.000002325, change = 0.000121495
Iteration 105: loglik = 0.000002409, change = 0.000125106
Iteration 106: loglik = 0.000002496, change = 0.000128799
Iteration 107: loglik = 0.000002585, change = 0.000132571
Iteration 108: loglik = 0.000002678, change = 0.000136414
Iteration 109: loglik = 0.000002772, change = 0.000140321
Iteration 110: loglik = 0.000002869, change = 0.000144283
Iteration 111: loglik = 0.000002968, change = 0.000148291
Iteration 112: loglik = 0.000003069, change = 0.000152331
Iteration 113: loglik = 0.000003170, change = 0.000156391
Iteration 114: loglik = 0.000003272, change = 0.000160453
Iteration 115: loglik = 0.000003373, change = 0.000164500
Iteration 116: loglik = 0.000003473, change = 0.000168512
Iteration 117: loglik = 0.000003572, change = 0.000172468
Iteration 118: loglik = 0.000003668, change = 0.000176342
Iteration 119: loglik = 0.000003761, change = 0.000180110
Iteration 120: loglik = 0.000003849, change = 0.000183742
Iteration 121: loglik = 0.000003931, change = 0.000187211
Iteration 122: loglik = 0.000004007, change = 0.000190485
Iteration 123: loglik = 0.000004075, change = 0.000193532
Iteration 124: loglik = 0.000004134, change = 0.000196322
Iteration 125: loglik = 0.000004183, change = 0.000198821
Iteration 126: loglik = 0.000004220, change = 0.000200999
Iteration 127: loglik = 0.000004246, change = 0.000202825
Iteration 128: loglik = 0.000004258, change = 0.000204272
Iteration 129: loglik = 0.000004257, change = 0.000205315
Iteration 130: loglik = 0.000004242, change = 0.000205932
Iteration 131: loglik = 0.000004213, change = 0.000206106
Iteration 132: loglik = 0.000004169, change = 0.000205824
Iteration 133: loglik = 0.000004110, change = 0.000205077
Iteration 134: loglik = 0.000004038, change = 0.000203866
Iteration 135: loglik = 0.000003953, change = 0.000202193
Iteration 136: loglik = 0.000003856, change = 0.000200069
Iteration 137: loglik = 0.000003747, change = 0.000197509
Iteration 138: loglik = 0.000003629, change = 0.000194536
Iteration 139: loglik = 0.000003502, change = 0.000191175
Iteration 140: loglik = 0.000003368, change = 0.000187457
Iteration 141: loglik = 0.000003229, change = 0.000183417
Iteration 142: loglik = 0.000003086, change = 0.000179092
Iteration 143: loglik = 0.000002941, change = 0.000174523
Iteration 144: loglik = 0.000002795, change = 0.000169748
Iteration 145: loglik = 0.000002650, change = 0.000164810
Iteration 146: loglik = 0.000002507, change = 0.000159748
Iteration 147: loglik = 0.000002367, change = 0.000154601
Iteration 148: loglik = 0.000002230, change = 0.000149406
Iteration 149: loglik = 0.000002098, change = 0.000144196
Iteration 150: loglik = 0.000001971, change = 0.000139004
Iteration 151: loglik = 0.000001850, change = 0.000133856
Iteration 152: loglik = 0.000001734, change = 0.000128778
Iteration 153: loglik = 0.000001624, change = 0.000123792
Iteration 154: loglik = 0.000001521, change = 0.000118914
Iteration 155: loglik = 0.000001423, change = 0.000114160
Iteration 156: loglik = 0.000001331, change = 0.000109542
Iteration 157: loglik = 0.000001244, change = 0.000105069
Iteration 158: loglik = 0.000001164, change = 0.000100746
Iteration 159: loglik = 0.000001088, change = 0.000096579
Iteration 160: loglik = 0.000001017, change = 0.000092569
Iteration 161: loglik = 0.000000951, change = 0.000088717
Iteration 162: loglik = 0.000000889, change = 0.000085021
Iteration 163: loglik = 0.000000832, change = 0.000081481
Iteration 164: loglik = 0.000000778, change = 0.000078093
Iteration 165: loglik = 0.000000728, change = 0.000074852
Iteration 166: loglik = 0.000000681, change = 0.000071755
Iteration 167: loglik = 0.000000638, change = 0.000068797
Iteration 168: loglik = 0.000000597, change = 0.000065973
Iteration 169: loglik = 0.000000559, change = 0.000063276
Iteration 170: loglik = 0.000000524, change = 0.000060703
Iteration 171: loglik = 0.000000491, change = 0.000058248
Iteration 172: loglik = 0.000000460, change = 0.000055904
Iteration 173: loglik = 0.000000431, change = 0.000053668
Iteration 174: loglik = 0.000000405, change = 0.000051534
Iteration 175: loglik = 0.000000379, change = 0.000049497
Iteration 176: loglik = 0.000000356, change = 0.000047552
Iteration 177: loglik = 0.000000334, change = 0.000046272
Iteration 178: loglik = 0.000000314, change = 0.000045112
Iteration 179: loglik = 0.000000295, change = 0.000043993
Iteration 180: loglik = 0.000000277, change = 0.000042912
Iteration 181: loglik = 0.000000260, change = 0.000041868
Iteration 182: loglik = 0.000000245, change = 0.000040860
Iteration 183: loglik = 0.000000230, change = 0.000039887
Iteration 184: loglik = 0.000000216, change = 0.000038947
Iteration 185: loglik = 0.000000204, change = 0.000038039
Iteration 186: loglik = 0.000000192, change = 0.000037161
Iteration 187: loglik = 0.000000181, change = 0.000036313
Iteration 188: loglik = 0.000000170, change = 0.000035494
Iteration 189: loglik = 0.000000160, change = 0.000034701
Iteration 190: loglik = 0.000000151, change = 0.000033935
Iteration 191: loglik = 0.000000143, change = 0.000033193
Iteration 192: loglik = 0.000000135, change = 0.000032476
Iteration 193: loglik = 0.000000127, change = 0.000031782
Iteration 194: loglik = 0.000000120, change = 0.000031110
Iteration 195: loglik = 0.000000114, change = 0.000030459
Iteration 196: loglik = 0.000000107, change = 0.000029828
Iteration 197: loglik = 0.000000102, change = 0.000029218
Iteration 198: loglik = 0.000000096, change = 0.000028626
Iteration 199: loglik = 0.000000091, change = 0.000028051
Iteration 200: loglik = 0.000000086, change = 0.000027495
Iteration 201: loglik = 0.000000082, change = 0.000026954
Iteration 202: loglik = 0.000000078, change = 0.000026430
Iteration 203: loglik = 0.000000074, change = 0.000025921
Iteration 204: loglik = 0.000000070, change = 0.000025427
Iteration 205: loglik = 0.000000066, change = 0.000024946
Iteration 206: loglik = 0.000000063, change = 0.000024479
Iteration 207: loglik = 0.000000060, change = 0.000024025
Iteration 208: loglik = 0.000000057, change = 0.000023584
Iteration 209: loglik = 0.000000054, change = 0.000023154
Iteration 210: loglik = 0.000000052, change = 0.000022736
Iteration 211: loglik = 0.000000049, change = 0.000022330
Iteration 212: loglik = 0.000000047, change = 0.000021933
Iteration 213: loglik = 0.000000045, change = 0.000021547
Iteration 214: loglik = 0.000000043, change = 0.000021171
Iteration 215: loglik = 0.000000041, change = 0.000020804
Iteration 216: loglik = 0.000000039, change = 0.000020447
Iteration 217: loglik = 0.000000038, change = 0.000020098
Iteration 218: loglik = 0.000000036, change = 0.000019757
Iteration 219: loglik = 0.000000034, change = 0.000019425
Iteration 220: loglik = 0.000000033, change = 0.000019101
Iteration 221: loglik = 0.000000032, change = 0.000018784
Iteration 222: loglik = 0.000000030, change = 0.000018475
Iteration 223: loglik = 0.000000029, change = 0.000018172
Iteration 224: loglik = 0.000000028, change = 0.000017877
Iteration 225: loglik = 0.000000027, change = 0.000017588
Iteration 226: loglik = 0.000000026, change = 0.000017305
Iteration 227: loglik = 0.000000025, change = 0.000017029
Iteration 228: loglik = 0.000000024, change = 0.000016759
Iteration 229: loglik = 0.000000023, change = 0.000016494
Iteration 230: loglik = 0.000000022, change = 0.000016235
Iteration 231: loglik = 0.000000021, change = 0.000015982
Iteration 232: loglik = 0.000000021, change = 0.000015759
Iteration 233: loglik = 0.000000020, change = 0.000015619
Iteration 234: loglik = 0.000000019, change = 0.000015479
Iteration 235: loglik = 0.000000019, change = 0.000015338
Iteration 236: loglik = 0.000000018, change = 0.000015198
Iteration 237: loglik = 0.000000017, change = 0.000015057
Iteration 238: loglik = 0.000000017, change = 0.000014916
Iteration 239: loglik = 0.000000016, change = 0.000014776
Iteration 240: loglik = 0.000000016, change = 0.000014636
Iteration 241: loglik = 0.000000015, change = 0.000014496
Iteration 242: loglik = 0.000000015, change = 0.000014356
Iteration 243: loglik = 0.000000014, change = 0.000014216
Iteration 244: loglik = 0.000000014, change = 0.000014077
Iteration 245: loglik = 0.000000013, change = 0.000013938
Iteration 246: loglik = 0.000000013, change = 0.000013800
Iteration 247: loglik = 0.000000013, change = 0.000013662
Iteration 248: loglik = 0.000000012, change = 0.000013525
Iteration 249: loglik = 0.000000012, change = 0.000013389
Iteration 250: loglik = 0.000000012, change = 0.000013253
Iteration 251: loglik = 0.000000011, change = 0.000013118
Iteration 252: loglik = 0.000000011, change = 0.000012983
Iteration 253: loglik = 0.000000011, change = 0.000012849
Iteration 254: loglik = 0.000000010, change = 0.000012716
Iteration 255: loglik = 0.000000010, change = 0.000012584
Iteration 256: loglik = 0.000000010, change = 0.000012453
Iteration 257: loglik = 0.000000010, change = 0.000012322
Iteration 258: loglik = 0.000000009, change = 0.00